#
# There is insufficient memory for the Java Runtime Environment to continue.
# Native memory allocation (malloc) failed to allocate 1907264 bytes for Chunk::new
# Possible reasons:
#   The system is out of physical RAM or swap space
#   In 32 bit mode, the process size limit was hit
# Possible solutions:
#   Reduce memory load on the system
#   Increase physical memory or swap space
#   Check if swap backing store is full
#   Use 64 bit Java on a 64 bit OS
#   Decrease Java heap size (-Xmx/-Xms)
#   Decrease number of Java threads
#   Decrease Java thread stack sizes (-Xss)
#   Set larger code cache with -XX:ReservedCodeCacheSize=
# This output file may be truncated or incomplete.
#
#  Out of Memory Error (allocation.cpp:390), pid=7280, tid=7884
#
# JRE version: Java(TM) SE Runtime Environment (8.0_40-b25) (build 1.8.0_40-b25)
# Java VM: Java HotSpot(TM) 64-Bit Server VM (25.40-b25 mixed mode windows-amd64 compressed oops)
# Failed to write core dump. Minidumps are not enabled by default on client versions of Windows
#

---------------  T H R E A D  ---------------

Current thread (0x00000000156bf000):  JavaThread "C2 CompilerThread0" daemon [_thread_in_native, id=7884, stack(0x0000000016c20000,0x0000000016d20000)]

Stack: [0x0000000016c20000,0x0000000016d20000]
Native frames: (J=compiled Java code, j=interpreted, Vv=VM code, C=native code)
V  [jvm.dll+0x32b47a]
V  [jvm.dll+0x2797f3]
V  [jvm.dll+0x27a489]
V  [jvm.dll+0x2717a5]
V  [jvm.dll+0xcb9a2]
V  [jvm.dll+0xcbe6c]
V  [jvm.dll+0x4929a7]
V  [jvm.dll+0x45f94a]
V  [jvm.dll+0x46a73b]
V  [jvm.dll+0x46cd52]
V  [jvm.dll+0x4500d2]
V  [jvm.dll+0xa4312]
V  [jvm.dll+0xa4c4f]
V  [jvm.dll+0x241914]
V  [jvm.dll+0x29848a]
C  [msvcr100.dll+0x21d9f]
C  [msvcr100.dll+0x21e3b]
C  [KERNEL32.DLL+0x14034]
C  [ntdll.dll+0x73691]


Current CompileTask:
C2:   4912 1970       4       java.net.URLClassLoader$1::run (5 bytes)


---------------  P R O C E S S  ---------------

Java Threads: ( => current thread )
  0x00000000182af800 JavaThread "restartedMain" [_thread_in_vm, id=5184, stack(0x0000000018f30000,0x0000000019030000)]
  0x00000000179ea800 JavaThread "Thread-0" [_thread_blocked, id=2860, stack(0x0000000018e30000,0x0000000018f30000)]
  0x0000000016f60000 JavaThread "Service Thread" daemon [_thread_blocked, id=8268, stack(0x0000000017320000,0x0000000017420000)]
  0x00000000156ce000 JavaThread "C1 CompilerThread2" daemon [_thread_blocked, id=6224, stack(0x0000000016e20000,0x0000000016f20000)]
  0x00000000156c1800 JavaThread "C2 CompilerThread1" daemon [_thread_in_native, id=1712, stack(0x0000000016d20000,0x0000000016e20000)]
=>0x00000000156bf000 JavaThread "C2 CompilerThread0" daemon [_thread_in_native, id=7884, stack(0x0000000016c20000,0x0000000016d20000)]
  0x00000000156be000 JavaThread "Attach Listener" daemon [_thread_blocked, id=11056, stack(0x0000000016b20000,0x0000000016c20000)]
  0x00000000156bd000 JavaThread "Signal Dispatcher" daemon [_thread_blocked, id=4344, stack(0x0000000016a20000,0x0000000016b20000)]
  0x000000001568f800 JavaThread "Finalizer" daemon [_thread_blocked, id=11304, stack(0x0000000016920000,0x0000000016a20000)]
  0x0000000003096800 JavaThread "Reference Handler" daemon [_thread_blocked, id=11040, stack(0x0000000016820000,0x0000000016920000)]
  0x0000000002fa7000 JavaThread "main" [_thread_blocked, id=8296, stack(0x0000000002ea0000,0x0000000002fa0000)]

Other Threads:
  0x0000000015687000 VMThread [stack: 0x0000000016720000,0x0000000016820000] [id=7060]
  0x0000000016f61000 WatcherThread [stack: 0x0000000017420000,0x0000000017520000] [id=2304]

VM state:not at safepoint (normal execution)

VM Mutex/Monitor currently owned by a thread: None

Heap:
 PSYoungGen      total 71680K, used 54729K [0x00000000eb100000, 0x00000000f3c00000, 0x0000000100000000)
  eden space 64000K, 85% used [0x00000000eb100000,0x00000000ee672670,0x00000000eef80000)
  from space 7680K, 0% used [0x00000000eef80000,0x00000000eef80000,0x00000000ef700000)
  to   space 7168K, 0% used [0x00000000f3500000,0x00000000f3500000,0x00000000f3c00000)
 ParOldGen       total 34304K, used 8276K [0x00000000c1200000, 0x00000000c3380000, 0x00000000eb100000)
  object space 34304K, 24% used [0x00000000c1200000,0x00000000c1a151e8,0x00000000c3380000)
 Metaspace       used 25748K, capacity 26588K, committed 26928K, reserved 1073152K
  class space    used 3341K, capacity 3528K, committed 3632K, reserved 1048576K

Card table byte_map: [0x0000000012460000,0x0000000012660000] byte_map_base: 0x0000000011e57000

Marking Bits: (ParMarkBitMap*) 0x00000000569d4040
 Begin Bits: [0x0000000012bb0000, 0x0000000013b68000)
 End Bits:   [0x0000000013b68000, 0x0000000014b20000)

Polling page: 0x0000000000bc0000

CodeCache: size=245760Kb used=7574Kb max_used=7574Kb free=238185Kb
 bounds [0x00000000030a0000, 0x0000000003810000, 0x00000000120a0000]
 total_blobs=2648 nmethods=2265 adapters=296
 compilation: enabled

Compilation events (10 events):
Event: 4.613 Thread 0x00000000156ce000 2267   !   2       java.util.concurrent.ConcurrentHashMap::putVal (362 bytes)
Event: 4.615 Thread 0x00000000156ce000 nmethod 2267 0x0000000003801e10 code [0x0000000003802020, 0x0000000003802cd8]
Event: 4.615 Thread 0x00000000156ce000 2268       3       sun.misc.ProxyGenerator::access$1700 (7 bytes)
Event: 4.616 Thread 0x00000000156ce000 nmethod 2268 0x0000000003803610 code [0x0000000003803780, 0x00000000038038e8]
Event: 4.616 Thread 0x00000000156ce000 2269       3       java.io.ByteArrayOutputStream::grow (43 bytes)
Event: 4.617 Thread 0x00000000156ce000 nmethod 2269 0x00000000038039d0 code [0x0000000003803b80, 0x0000000003804178]
Event: 4.619 Thread 0x00000000156ce000 2270       3       java.lang.Class$MethodArray::hasDefaults (13 bytes)
Event: 4.620 Thread 0x00000000156ce000 nmethod 2270 0x00000000038043d0 code [0x0000000003804520, 0x00000000038046d0]
Event: 4.715 Thread 0x00000000156ce000 2271       3       java.net.URLStreamHandler::sameFile (136 bytes)
Event: 4.716 Thread 0x00000000156ce000 nmethod 2271 0x0000000003804750 code [0x0000000003804940, 0x0000000003805948]

GC Heap History (10 events):
Event: 1.687 GC heap before
{Heap before GC invocations=4 (full 0):
 PSYoungGen      total 18944K, used 18914K [0x00000000eb100000, 0x00000000ed600000, 0x0000000100000000)
  eden space 16384K, 100% used [0x00000000eb100000,0x00000000ec100000,0x00000000ec100000)
  from space 2560K, 98% used [0x00000000ec100000,0x00000000ec378928,0x00000000ec380000)
  to   space 2560K, 0% used [0x00000000ed380000,0x00000000ed380000,0x00000000ed600000)
 ParOldGen       total 44032K, used 4611K [0x00000000c1200000, 0x00000000c3d00000, 0x00000000eb100000)
  object space 44032K, 10% used [0x00000000c1200000,0x00000000c1680e28,0x00000000c3d00000)
 Metaspace       used 10677K, capacity 10930K, committed 11136K, reserved 1058816K
  class space    used 1225K, capacity 1318K, committed 1408K, reserved 1048576K
Event: 1.695 GC heap after
Heap after GC invocations=4 (full 0):
 PSYoungGen      total 35328K, used 2545K [0x00000000eb100000, 0x00000000ed600000, 0x0000000100000000)
  eden space 32768K, 0% used [0x00000000eb100000,0x00000000eb100000,0x00000000ed100000)
  from space 2560K, 99% used [0x00000000ed380000,0x00000000ed5fc780,0x00000000ed600000)
  to   space 2560K, 0% used [0x00000000ed100000,0x00000000ed100000,0x00000000ed380000)
 ParOldGen       total 44032K, used 6376K [0x00000000c1200000, 0x00000000c3d00000, 0x00000000eb100000)
  object space 44032K, 14% used [0x00000000c1200000,0x00000000c183a070,0x00000000c3d00000)
 Metaspace       used 10677K, capacity 10930K, committed 11136K, reserved 1058816K
  class space    used 1225K, capacity 1318K, committed 1408K, reserved 1048576K
}
Event: 2.293 GC heap before
{Heap before GC invocations=5 (full 0):
 PSYoungGen      total 35328K, used 35313K [0x00000000eb100000, 0x00000000ed600000, 0x0000000100000000)
  eden space 32768K, 100% used [0x00000000eb100000,0x00000000ed100000,0x00000000ed100000)
  from space 2560K, 99% used [0x00000000ed380000,0x00000000ed5fc780,0x00000000ed600000)
  to   space 2560K, 0% used [0x00000000ed100000,0x00000000ed100000,0x00000000ed380000)
 ParOldGen       total 44032K, used 6376K [0x00000000c1200000, 0x00000000c3d00000, 0x00000000eb100000)
  object space 44032K, 14% used [0x00000000c1200000,0x00000000c183a070,0x00000000c3d00000)
 Metaspace       used 13628K, capacity 14046K, committed 14208K, reserved 1060864K
  class space    used 1741K, capacity 1871K, committed 1920K, reserved 1048576K
Event: 2.306 GC heap after
Heap after GC invocations=5 (full 0):
 PSYoungGen      total 35328K, used 2529K [0x00000000eb100000, 0x00000000efd00000, 0x0000000100000000)
  eden space 32768K, 0% used [0x00000000eb100000,0x00000000eb100000,0x00000000ed100000)
  from space 2560K, 98% used [0x00000000ed100000,0x00000000ed378770,0x00000000ed380000)
  to   space 6144K, 0% used [0x00000000ef700000,0x00000000ef700000,0x00000000efd00000)
 ParOldGen       total 44032K, used 9352K [0x00000000c1200000, 0x00000000c3d00000, 0x00000000eb100000)
  object space 44032K, 21% used [0x00000000c1200000,0x00000000c1b222f0,0x00000000c3d00000)
 Metaspace       used 13628K, capacity 14046K, committed 14208K, reserved 1060864K
  class space    used 1741K, capacity 1871K, committed 1920K, reserved 1048576K
}
Event: 2.671 GC heap before
{Heap before GC invocations=6 (full 0):
 PSYoungGen      total 35328K, used 35297K [0x00000000eb100000, 0x00000000efd00000, 0x0000000100000000)
  eden space 32768K, 100% used [0x00000000eb100000,0x00000000ed100000,0x00000000ed100000)
  from space 2560K, 98% used [0x00000000ed100000,0x00000000ed378770,0x00000000ed380000)
  to   space 6144K, 0% used [0x00000000ef700000,0x00000000ef700000,0x00000000efd00000)
 ParOldGen       total 44032K, used 9352K [0x00000000c1200000, 0x00000000c3d00000, 0x00000000eb100000)
  object space 44032K, 21% used [0x00000000c1200000,0x00000000c1b222f0,0x00000000c3d00000)
 Metaspace       used 18044K, capacity 18534K, committed 18816K, reserved 1064960K
  class space    used 2286K, capacity 2421K, committed 2432K, reserved 1048576K
Event: 2.682 GC heap after
Heap after GC invocations=6 (full 0):
 PSYoungGen      total 70144K, used 6129K [0x00000000eb100000, 0x00000000f0000000, 0x0000000100000000)
  eden space 64000K, 0% used [0x00000000eb100000,0x00000000eb100000,0x00000000eef80000)
  from space 6144K, 99% used [0x00000000ef700000,0x00000000efcfc458,0x00000000efd00000)
  to   space 7680K, 0% used [0x00000000eef80000,0x00000000eef80000,0x00000000ef700000)
 ParOldGen       total 44032K, used 10442K [0x00000000c1200000, 0x00000000c3d00000, 0x00000000eb100000)
  object space 44032K, 23% used [0x00000000c1200000,0x00000000c1c32868,0x00000000c3d00000)
 Metaspace       used 18044K, capacity 18534K, committed 18816K, reserved 1064960K
  class space    used 2286K, capacity 2421K, committed 2432K, reserved 1048576K
}
Event: 2.938 GC heap before
{Heap before GC invocations=7 (full 0):
 PSYoungGen      total 70144K, used 23914K [0x00000000eb100000, 0x00000000f0000000, 0x0000000100000000)
  eden space 64000K, 27% used [0x00000000eb100000,0x00000000ec25e3e0,0x00000000eef80000)
  from space 6144K, 99% used [0x00000000ef700000,0x00000000efcfc458,0x00000000efd00000)
  to   space 7680K, 0% used [0x00000000eef80000,0x00000000eef80000,0x00000000ef700000)
 ParOldGen       total 44032K, used 10442K [0x00000000c1200000, 0x00000000c3d00000, 0x00000000eb100000)
  object space 44032K, 23% used [0x00000000c1200000,0x00000000c1c32868,0x00000000c3d00000)
 Metaspace       used 20682K, capacity 21204K, committed 21296K, reserved 1067008K
  class space    used 2668K, capacity 2846K, committed 2864K, reserved 1048576K
Event: 2.950 GC heap after
Heap after GC invocations=7 (full 0):
 PSYoungGen      total 71680K, used 4196K [0x00000000eb100000, 0x00000000f3c00000, 0x0000000100000000)
  eden space 64000K, 0% used [0x00000000eb100000,0x00000000eb100000,0x00000000eef80000)
  from space 7680K, 54% used [0x00000000eef80000,0x00000000ef3990d0,0x00000000ef700000)
  to   space 7168K, 0% used [0x00000000f3500000,0x00000000f3500000,0x00000000f3c00000)
 ParOldGen       total 44032K, used 11638K [0x00000000c1200000, 0x00000000c3d00000, 0x00000000eb100000)
  object space 44032K, 26% used [0x00000000c1200000,0x00000000c1d5dae0,0x00000000c3d00000)
 Metaspace       used 20682K, capacity 21204K, committed 21296K, reserved 1067008K
  class space    used 2668K, capacity 2846K, committed 2864K, reserved 1048576K
}
Event: 2.950 GC heap before
{Heap before GC invocations=8 (full 1):
 PSYoungGen      total 71680K, used 4196K [0x00000000eb100000, 0x00000000f3c00000, 0x0000000100000000)
  eden space 64000K, 0% used [0x00000000eb100000,0x00000000eb100000,0x00000000eef80000)
  from space 7680K, 54% used [0x00000000eef80000,0x00000000ef3990d0,0x00000000ef700000)
  to   space 7168K, 0% used [0x00000000f3500000,0x00000000f3500000,0x00000000f3c00000)
 ParOldGen       total 44032K, used 11638K [0x00000000c1200000, 0x00000000c3d00000, 0x00000000eb100000)
  object space 44032K, 26% used [0x00000000c1200000,0x00000000c1d5dae0,0x00000000c3d00000)
 Metaspace       used 20682K, capacity 21204K, committed 21296K, reserved 1067008K
  class space    used 2668K, capacity 2846K, committed 2864K, reserved 1048576K
Event: 2.998 GC heap after
Heap after GC invocations=8 (full 1):
 PSYoungGen      total 71680K, used 0K [0x00000000eb100000, 0x00000000f3c00000, 0x0000000100000000)
  eden space 64000K, 0% used [0x00000000eb100000,0x00000000eb100000,0x00000000eef80000)
  from space 7680K, 0% used [0x00000000eef80000,0x00000000eef80000,0x00000000ef700000)
  to   space 7168K, 0% used [0x00000000f3500000,0x00000000f3500000,0x00000000f3c00000)
 ParOldGen       total 34304K, used 8276K [0x00000000c1200000, 0x00000000c3380000, 0x00000000eb100000)
  object space 34304K, 24% used [0x00000000c1200000,0x00000000c1a151e8,0x00000000c3380000)
 Metaspace       used 20680K, capacity 21198K, committed 21296K, reserved 1067008K
  class space    used 2668K, capacity 2845K, committed 2864K, reserved 1048576K
}

Deoptimization events (10 events):
Event: 3.090 Thread 0x00000000182af800 Uncommon trap: reason=bimorphic action=maybe_recompile pc=0x0000000003535570 method=java.util.HashMap.putVal(ILjava/lang/Object;Ljava/lang/Object;ZZ)Ljava/lang/Object; @ 253
Event: 3.108 Thread 0x00000000182af800 Uncommon trap: reason=bimorphic action=maybe_recompile pc=0x0000000003535570 method=java.util.HashMap.putVal(ILjava/lang/Object;Ljava/lang/Object;ZZ)Ljava/lang/Object; @ 253
Event: 3.122 Thread 0x00000000182af800 Uncommon trap: reason=bimorphic action=maybe_recompile pc=0x0000000003535570 method=java.util.HashMap.putVal(ILjava/lang/Object;Ljava/lang/Object;ZZ)Ljava/lang/Object; @ 253
Event: 3.137 Thread 0x00000000185f2800 Uncommon trap: reason=unstable_if action=reinterpret pc=0x00000000035f25e4 method=com.sun.org.apache.xerces.internal.impl.XMLEntityScanner.scanLiteral(ILcom/sun/org/apache/xerces/internal/xni/XMLString;)I @ 563
Event: 3.219 Thread 0x00000000185f2800 Uncommon trap: reason=unstable_if action=reinterpret pc=0x00000000036183ec method=com.sun.org.apache.xerces.internal.impl.XMLEntityScanner.skipSpaces()Z @ 115
Event: 3.292 Thread 0x00000000185f2800 Uncommon trap: reason=unstable_if action=reinterpret pc=0x00000000036985a0 method=com.sun.org.apache.xerces.internal.util.SymbolTable.addSymbol([CII)Ljava/lang/String; @ 39
Event: 3.881 Thread 0x00000000182af800 Uncommon trap: reason=unstable_if action=reinterpret pc=0x0000000003422914 method=org.springframework.util.ConcurrentReferenceHashMap$Segment.clear()V @ 4
Event: 4.396 Thread 0x00000000182af800 Uncommon trap: reason=unstable_if action=reinterpret pc=0x00000000034fd5b8 method=java.net.URL.<init>(Ljava/net/URL;Ljava/lang/String;Ljava/net/URLStreamHandler;)V @ 347
Event: 4.457 Thread 0x00000000182af800 Uncommon trap: reason=unstable_if action=reinterpret pc=0x000000000366c2a0 method=java.net.URLStreamHandler.parseURL(Ljava/net/URL;Ljava/lang/String;II)V @ 655
Event: 4.522 Thread 0x00000000182af800 Uncommon trap: reason=unstable_if action=reinterpret pc=0x000000000334eee0 method=java.net.URI.match(CJJ)Z @ 45

Internal exceptions (10 events):
Event: 2.928 Thread 0x00000000182af800 Exception <a 'java/lang/ClassNotFoundException': org/springframework/core/OrderedCustomizer> (0x00000000ec1937f0) thrown at [D:\re\workspace\8-2-build-windows-amd64-cygwin\jdk8u40\2855\hotspot\src\share\vm\classfile\systemDictionary.cpp, line 210]
Event: 2.930 Thread 0x00000000182af800 Exception <a 'java/lang/ClassNotFoundException': org/springframework/context/ResourceLoaderAwareCustomizer> (0x00000000ec1b22b8) thrown at [D:\re\workspace\8-2-build-windows-amd64-cygwin\jdk8u40\2855\hotspot\src\share\vm\classfile\systemDictionary.cpp, linÕ¢SI@t@
Event: 2.932 Thread 0x00000000182af800 Exception <a 'java/lang/ClassNotFoundException': org/springframework/beans/factory/AwareCustomizer> (0x00000000ec1ce1a0) thrown at [D:\re\workspace\8-2-build-windows-amd64-cygwin\jdk8u40\2855\hotspot\src\share\vm\classfile\systemDictionary.cpp, line 210]
Event: 2.933 Thread 0x00000000182af800 Exception <a 'java/lang/ClassNotFoundException': org/springframework/beans/factory/BeanClassLoaderAwareCustomizer> (0x00000000ec1eef08) thrown at [D:\re\workspace\8-2-build-windows-amd64-cygwin\jdk8u40\2855\hotspot\src\share\vm\classfile\systemDictionary.c·7Ôldz@
Event: 2.935 Thread 0x00000000182af800 Exception <a 'java/lang/ClassNotFoundException': org/springframework/beans/factory/AwareCustomizer> (0x00000000ec20ae08) thrown at [D:\re\workspace\8-2-build-windows-amd64-cygwin\jdk8u40\2855\hotspot\src\share\vm\classfile\systemDictionary.cpp, line 210]
Event: 2.936 Thread 0x00000000182af800 Exception <a 'java/lang/ClassNotFoundException': org/springframework/context/EnvironmentAwareCustomizer> (0x00000000ec227b30) thrown at [D:\re\workspace\8-2-build-windows-amd64-cygwin\jdk8u40\2855\hotspot\src\share\vm\classfile\systemDictionary.cpp, line 2q.eKf€@
Event: 2.938 Thread 0x00000000182af800 Exception <a 'java/lang/ClassNotFoundException': org/springframework/beans/factory/AwareCustomizer> (0x00000000ec243910) thrown at [D:\re\workspace\8-2-build-windows-amd64-cygwin\jdk8u40\2855\hotspot\src\share\vm\classfile\systemDictionary.cpp, line 210]
Event: 4.418 Thread 0x00000000182af800 Exception <a 'java/lang/NoClassDefFoundError': org/springframework/jdbc/CannotGetJdbcConnectionException> (0x00000000edd76a20) thrown at [D:\re\workspace\8-2-build-windows-amd64-cygwin\jdk8u40\2855\hotspot\src\share\vm\classfile\systemDictionary.cpp, line 
Event: 4.425 Thread 0x00000000182af800 Exception <a 'java/lang/ClassNotFoundException': java/lang/ObjectCustomizer> (0x00000000edda71b8) thrown at [D:\re\workspace\8-2-build-windows-amd64-cygwin\jdk8u40\2855\hotspot\src\share\vm\classfile\systemDictionary.cpp, line 210]
Event: 4.427 Thread 0x00000000182af800 Exception <a 'java/lang/ClassNotFoundException': org/springframework/cloud/config/client/ConfigClientPropertiesCustomizer> (0x00000000eddcee48) thrown at [D:\re\workspace\8-2-build-windows-amd64-cygwin\jdk8u40\2855\hotspot\src\share\vm\classfile\systemDict7aÎ?m@

Events (10 events):
Event: 4.690 loading class com/fasterxml/jackson/annotation/JsonIgnoreProperties$Value
Event: 4.690 loading class com/fasterxml/jackson/annotation/JsonIgnoreProperties$Value done
Event: 4.692 loading class com/fasterxml/jackson/databind/type/TypeBindings$TypeParamStash
Event: 4.692 loading class com/fasterxml/jackson/databind/type/TypeBindings$TypeParamStash done
Event: 4.712 loading class com/fasterxml/jackson/databind/type/TypeBindings$AsKey
Event: 4.712 loading class com/fasterxml/jackson/databind/type/TypeBindings$AsKey done
Event: 4.735 loading class com/fasterxml/jackson/annotation/JsonIgnoreType
Event: 4.735 loading class com/fasterxml/jackson/annotation/JsonIgnoreType done
Event: 4.743 loading class com/fasterxml/jackson/databind/introspect/POJOPropertyBuilder$4
Event: 4.743 loading class com/fasterxml/jackson/databind/introspect/POJOPropertyBuilder$4 done


Dynamic libraries:
0x00007ff6bbfb0000 - 0x00007ff6bbfe7000 	C:\Program Files\Java\jdk1.8.0_40\bin\javaw.exe
0x00007ffd8cd40000 - 0x00007ffd8cf21000 	C:\WINDOWS\SYSTEM32\ntdll.dll
0x00007ffd8a340000 - 0x00007ffd8a3f1000 	C:\WINDOWS\System32\KERNEL32.DLL
0x00007ffd89170000 - 0x00007ffd893e3000 	C:\WINDOWS\System32\KERNELBASE.dll
0x00007ffd8a290000 - 0x00007ffd8a331000 	C:\WINDOWS\System32\ADVAPI32.dll
0x00007ffd8bfd0000 - 0x00007ffd8c06e000 	C:\WINDOWS\System32\msvcrt.dll
0x00007ffd8a1d0000 - 0x00007ffd8a22b000 	C:\WINDOWS\System32\sechost.dll
0x00007ffd8c210000 - 0x00007ffd8c334000 	C:\WINDOWS\System32\RPCRT4.dll
0x00007ffd8c600000 - 0x00007ffd8c790000 	C:\WINDOWS\System32\USER32.dll
0x00007ffd8a0e0000 - 0x00007ffd8a100000 	C:\WINDOWS\System32\win32u.dll
0x00007ffd8c5d0000 - 0x00007ffd8c5f8000 	C:\WINDOWS\System32\GDI32.dll
0x00007ffd89730000 - 0x00007ffd898c2000 	C:\WINDOWS\System32\gdi32full.dll
0x00007ffd894a0000 - 0x00007ffd8953f000 	C:\WINDOWS\System32\msvcp_win.dll
0x00007ffd89fe0000 - 0x00007ffd8a0d8000 	C:\WINDOWS\System32\ucrtbase.dll
0x00007ffd80880000 - 0x00007ffd80ae9000 	C:\WINDOWS\WinSxS\amd64_microsoft.windows.common-controls_6595b64144ccf1df_6.0.17134.706_none_fb43a2cb30647007\COMCTL32.dll
0x00007ffd8c840000 - 0x00007ffd8cb62000 	C:\WINDOWS\System32\combase.dll
0x00007ffd8a100000 - 0x00007ffd8a17a000 	C:\WINDOWS\System32\bcryptPrimitives.dll
0x00007ffd8c350000 - 0x00007ffd8c37d000 	C:\WINDOWS\System32\IMM32.DLL
0x0000000057050000 - 0x0000000057122000 	C:\Program Files\Java\jdk1.8.0_40\jre\bin\msvcr100.dll
0x00000000561d0000 - 0x0000000056a53000 	C:\Program Files\Java\jdk1.8.0_40\jre\bin\server\jvm.dll
0x00007ffd8bef0000 - 0x00007ffd8bef8000 	C:\WINDOWS\System32\PSAPI.DLL
0x00007ffd7e6c0000 - 0x00007ffd7e6e3000 	C:\WINDOWS\SYSTEM32\WINMM.dll
0x00007ffd81a20000 - 0x00007ffd81a2a000 	C:\WINDOWS\SYSTEM32\VERSION.dll
0x00007ffd87c90000 - 0x00007ffd87c99000 	C:\WINDOWS\SYSTEM32\WSOCK32.dll
0x00007ffd8bf00000 - 0x00007ffd8bf6c000 	C:\WINDOWS\System32\WS2_32.dll
0x00007ffd7e4b0000 - 0x00007ffd7e4da000 	C:\WINDOWS\SYSTEM32\winmmbase.dll
0x00007ffd8a180000 - 0x00007ffd8a1c9000 	C:\WINDOWS\System32\cfgmgr32.dll
0x00000000560e0000 - 0x00000000560ef000 	C:\Program Files\Java\jdk1.8.0_40\jre\bin\verify.dll
0x00000000560b0000 - 0x00000000560d9000 	C:\Program Files\Java\jdk1.8.0_40\jre\bin\java.dll
0x0000000056060000 - 0x0000000056076000 	C:\Program Files\Java\jdk1.8.0_40\jre\bin\zip.dll
0x00007ffd8a850000 - 0x00007ffd8bc90000 	C:\WINDOWS\System32\SHELL32.dll
0x00007ffd8c790000 - 0x00007ffd8c839000 	C:\WINDOWS\System32\shcore.dll
0x00007ffd898d0000 - 0x00007ffd89fdd000 	C:\WINDOWS\System32\windows.storage.dll
0x00007ffd8bf70000 - 0x00007ffd8bfc1000 	C:\WINDOWS\System32\shlwapi.dll
0x00007ffd89070000 - 0x00007ffd89081000 	C:\WINDOWS\System32\kernel.appcore.dll
0x00007ffd890f0000 - 0x00007ffd8910f000 	C:\WINDOWS\System32\profapi.dll
0x00007ffd890a0000 - 0x00007ffd890ec000 	C:\WINDOWS\System32\powrprof.dll
0x00007ffd89090000 - 0x00007ffd8909a000 	C:\WINDOWS\System32\FLTLIB.DLL
0x0000000056040000 - 0x000000005605a000 	C:\Program Files\Java\jdk1.8.0_40\jre\bin\net.dll
0x00007ffd88870000 - 0x00007ffd888d6000 	C:\WINDOWS\system32\mswsock.dll
0x00007ffd885f0000 - 0x00007ffd88628000 	C:\WINDOWS\SYSTEM32\IPHLPAPI.DLL
0x00007ffd8c340000 - 0x00007ffd8c348000 	C:\WINDOWS\System32\NSI.dll
0x00007ffd82c40000 - 0x00007ffd82c56000 	C:\WINDOWS\SYSTEM32\dhcpcsvc6.DLL
0x00007ffd823c0000 - 0x00007ffd823da000 	C:\WINDOWS\SYSTEM32\dhcpcsvc.DLL
0x00007ffd88630000 - 0x00007ffd886ee000 	C:\WINDOWS\SYSTEM32\DNSAPI.dll
0x00007ffd80090000 - 0x00007ffd8009a000 	C:\Windows\System32\rasadhlp.dll
0x00007ffd80800000 - 0x00007ffd80872000 	C:\WINDOWS\System32\fwpuclnt.dll
0x00007ffd88bb0000 - 0x00007ffd88bd5000 	C:\WINDOWS\SYSTEM32\bcrypt.dll
0x0000000055fe0000 - 0x0000000055fed000 	C:\Program Files\Java\jdk1.8.0_40\jre\bin\management.dll
0x00007ffd84320000 - 0x00007ffd84336000 	C:\WINDOWS\system32\napinsp.dll
0x00007ffd84300000 - 0x00007ffd8431a000 	C:\WINDOWS\system32\pnrpnsp.dll
0x00007ffd83d70000 - 0x00007ffd83d89000 	C:\WINDOWS\system32\NLAapi.dll
0x00007ffd84fe0000 - 0x00007ffd84fee000 	C:\WINDOWS\System32\winrnr.dll
0x0000000056020000 - 0x0000000056031000 	C:\Program Files\Java\jdk1.8.0_40\jre\bin\nio.dll
0x00007ffd87a70000 - 0x00007ffd87c39000 	C:\WINDOWS\SYSTEM32\dbghelp.dll

VM Arguments:
jvm_args: -Dserver.port=8001 -Dfile.encoding=UTF-8 
java_command: com.srikanth.microservices.currencyexchangeservice.CurrencyExchangeServiceApplication
java_class_path (initial): C:\Program Files\Java\jdk1.8.0_40\jre\lib\resources.jar;C:\Program Files\Java\jdk1.8.0_40\jre\lib\rt.jar;C:\Program Files\Java\jdk1.8.0_40\jre\lib\jsse.jar;C:\Program Files\Java\jdk1.8.0_40\jre\lib\jce.jar;C:\Program Files\Java\jdk1.8.0_40\jre\lib\charsets.jar;C:\Program Files\Java\jdk1.8.0_40\jre\lib\jfr.jar;C:\Program Files\Java\jdk1.8.0_40\jre\lib\ext\access-bridge-64.jar;C:\Program Files\Java\jdk1.8.0_40\jre\lib\ext\cldrdata.jar;C:\Program Files\Java\jdk1.8.0_40\jre\lib\ext\dnsns.jar;C:\Program Files\Java\jdk1.8.0_40\jre\lib\ext\jaccess.jar;C:\Program Files\Java\jdk1.8.0_40\jre\lib\ext\jfxrt.jar;C:\Program Files\Java\jdk1.8.0_40\jre\lib\ext\localedata.jar;C:\Program Files\Java\jdk1.8.0_40\jre\lib\ext\nashorn.jar;C:\Program Files\Java\jdk1.8.0_40\jre\lib\ext\sunec.jar;C:\Program Files\Java\jdk1.8.0_40\jre\lib\ext\sunjce_provider.jar;C:\Program Files\Java\jdk1.8.0_40\jre\lib\ext\sunmscapi.jar;C:\Program Files\Java\jdk1.8.0_40\jre\lib\ext\sunpkcs11.jar;C:\Program Files\Java\jdk1.8.0_40\jre\lib\ext\zipfs.jar;H:\Prep\currency-exchange-service\target\classes;C:\Users\welcome\.m2\repository\org\springframework\boot\spring-boot-starter-actuator\2.1.4.RELEASE\spring-boot-starter-actuator-2.1.4.RELEASE.jar;C:\Users\welcome\.m2\repository\org\springframework\boot\spring-boot-starter\2.1.4.RELEASE\spring-boot-starter-2.1.4.RELEASE.jar;C:\Users\welcome\.m2\repository\org\springframework\boot\spring-boot-starter-logging\2.1.4.RELEASE\spring-boot-starter-logging-2.1.4.RELEASE.jar;C:\Users\welcome\.m2\repository\ch\qos\logback\logback-classic\1.2.3\logback-classic-1.2.3.jar;C:\Users\welcome\.m2\repository\ch\qos\logback\logback-core\1.2.3\logback-core-1.2.3.jar;C:\Users\welcome\.m2\repository\org\apache\logging\log4j\log4j-to-slf4j\2.11.2\log4j-to-slf4j-2.11.2.jar;C:\Users\welcome\.m2\repository\org\apache\logging\log4j\log4j-api\2.11.2\log4j-api-2.11.2.jar;C:\Users\welcome\.m2\repository\org\slf4j\jul-to-slf4j\1.7.26\jul-to-slf4j-1.7.26.jar;C:\User
Launcher Type: SUN_STANDARD

Environment Variables:
JAVA_HOME=C:\Program Files\Java\jdk1.8.0_40
JRE_HOME=C:\Program Files\Java\jre1.8.0_40
PATH=C:/Program Files/Java/jdk1.8.0_40/bin/../jre/bin/server;C:/Program Files/Java/jdk1.8.0_40/bin/../jre/bin;C:/Program Files/Java/jdk1.8.0_40/bin/../jre/lib/amd64;C:\Program Files\apache-maven-3.5.0\bin;C:\Program Files (x86)\Skype\Phone\;C:\Program Files\Java\jdk1.8.0_40\bin;C:\Program Files\Java\jre1.8.0_40\bin;C:\Program Files\Git\cmd;C:\Program Files (x86)\Brackets\command;C:\WINDOWS\system32;C:\WINDOWS;C:\WINDOWS\System32\Wbem;C:\WINDOWS\System32\WindowsPowerShell\v1.0\;C:\Program Files\nodejs\;;C:\WINDOWS\System32\OpenSSH\;C:\Program Files\Microsoft SQL Server\Client SDK\ODBC\130\Tools\Binn\;C:\Program Files (x86)\Microsoft SQL Server\140\Tools\Binn\;C:\Program Files\Microsoft SQL Server\140\Tools\Binn\;C:\Program Files\Microsoft SQL Server\140\DTS\Binn\;C:\Program Files (x86)\Microsoft SQL Server\Client SDK\ODBC\130\Tools\Binn\;C:\Program Files (x86)\Microsoft SQL Server\140\DTS\Binn\;C:\Program Files (x86)\Microsoft SQL Server\140\Tools\Binn\ManagementStudio\;C:\Program Files\Java\jdk1.8.0_40;C:\Users\welcome\AppData\Local\Microsoft\WindowsApps;C:\Users\welcome\AppData\Roaming\npm;;H:\eclipse;
USERNAME=SreekanthReddy
OS=Windows_NT
PROCESSOR_IDENTIFIER=Intel64 Family 6 Model 61 Stepping 4, GenuineIntel



---------------  S Y S T E M  ---------------

OS: Windows 10.0 , 64 bit Build 17134 (10.0.17134.706)

CPU:total 4 (2 cores per cpu, 2 threads per core) family 6 model 61 stepping 4, cmov, cx8, fxsr, mmx, sse, sse2, sse3, ssse3, sse4.1, sse4.2, popcnt, clmul, erms, 3dnowpref, lzcnt, ht, tsc, tscinvbit

Memory: 4k page, physical 4113068k(428456k free), swap 6161068k(5496k free)

vm_info: Java HotSpot(TM) 64-Bit Server VM (25.40-b25) for windows-amd64 JRE (1.8.0_40-b25), built on Feb 10 2015 21:53:57 by "java_re" with MS VC++ 10.0 (VS2010)

time: Sun Apr 14 17:12:44 2019
elapsed time: 4 seconds (0d 0h 0m 4s)

