#
# There is insufficient memory for the Java Runtime Environment to continue.
# Native memory allocation (malloc) failed to allocate 2271056 bytes for Chunk::new
# Possible reasons:
#   The system is out of physical RAM or swap space
#   In 32 bit mode, the process size limit was hit
# Possible solutions:
#   Reduce memory load on the system
#   Increase physical memory or swap space
#   Check if swap backing store is full
#   Use 64 bit Java on a 64 bit OS
#   Decrease Java heap size (-Xmx/-Xms)
#   Decrease number of Java threads
#   Decrease Java thread stack sizes (-Xss)
#   Set larger code cache with -XX:ReservedCodeCacheSize=
# This output file may be truncated or incomplete.
#
#  Out of Memory Error (allocation.cpp:390), pid=308, tid=10568
#
# JRE version: Java(TM) SE Runtime Environment (8.0_40-b25) (build 1.8.0_40-b25)
# Java VM: Java HotSpot(TM) 64-Bit Server VM (25.40-b25 mixed mode windows-amd64 compressed oops)
# Failed to write core dump. Minidumps are not enabled by default on client versions of Windows
#

---------------  T H R E A D  ---------------

Current thread (0x000000001589f000):  JavaThread "C2 CompilerThread0" daemon [_thread_in_native, id=10568, stack(0x0000000016df0000,0x0000000016ef0000)]

Stack: [0x0000000016df0000,0x0000000016ef0000]
Native frames: (J=compiled Java code, j=interpreted, Vv=VM code, C=native code)
V  [jvm.dll+0x32b47a]


Current CompileTask:
C2:   5025 1952   !   4       java.net.URLClassLoader$1::run (63 bytes)


---------------  P R O C E S S  ---------------

Java Threads: ( => current thread )
  0x00000000186ff000 JavaThread "restartedMain" [_thread_in_vm, id=6908, stack(0x0000000019100000,0x0000000019200000)]
  0x000000001893f000 JavaThread "Thread-0" [_thread_blocked, id=2856, stack(0x0000000019000000,0x0000000019100000)]
  0x00000000158fe000 JavaThread "Service Thread" daemon [_thread_blocked, id=6804, stack(0x00000000174f0000,0x00000000175f0000)]
  0x00000000158b0000 JavaThread "C1 CompilerThread2" daemon [_thread_blocked, id=4712, stack(0x0000000016ff0000,0x00000000170f0000)]
  0x00000000158a2000 JavaThread "C2 CompilerThread1" daemon [_thread_in_native, id=12208, stack(0x0000000016ef0000,0x0000000016ff0000)]
=>0x000000001589f000 JavaThread "C2 CompilerThread0" daemon [_thread_in_native, id=10568, stack(0x0000000016df0000,0x0000000016ef0000)]
  0x000000001589d800 JavaThread "Attach Listener" daemon [_thread_blocked, id=12032, stack(0x0000000016cf0000,0x0000000016df0000)]
  0x000000001589c800 JavaThread "Signal Dispatcher" daemon [_thread_blocked, id=6412, stack(0x0000000016bf0000,0x0000000016cf0000)]
  0x000000000327d000 JavaThread "Finalizer" daemon [_thread_blocked, id=10348, stack(0x0000000016af0000,0x0000000016bf0000)]
  0x0000000003274000 JavaThread "Reference Handler" daemon [_thread_blocked, id=9544, stack(0x00000000169f0000,0x0000000016af0000)]
  0x0000000003187000 JavaThread "main" [_thread_blocked, id=9528, stack(0x0000000003080000,0x0000000003180000)]

Other Threads:
  0x0000000015867000 VMThread [stack: 0x00000000168f0000,0x00000000169f0000] [id=10616]
  0x00000000158fe800 WatcherThread [stack: 0x00000000175f0000,0x00000000176f0000] [id=8996]

VM state:not at safepoint (normal execution)

VM Mutex/Monitor currently owned by a thread: None

Heap:
 PSYoungGen      total 72192K, used 43853K [0x00000000eb100000, 0x00000000f3e00000, 0x0000000100000000)
  eden space 64512K, 67% used [0x00000000eb100000,0x00000000edbd36d0,0x00000000ef000000)
  from space 7680K, 0% used [0x00000000ef000000,0x00000000ef000000,0x00000000ef780000)
  to   space 7680K, 0% used [0x00000000f3680000,0x00000000f3680000,0x00000000f3e00000)
 ParOldGen       total 34816K, used 9291K [0x00000000c1200000, 0x00000000c3400000, 0x00000000eb100000)
  object space 34816K, 26% used [0x00000000c1200000,0x00000000c1b12f60,0x00000000c3400000)
 Metaspace       used 24489K, capacity 25282K, committed 25472K, reserved 1071104K
  class space    used 3149K, capacity 3353K, committed 3456K, reserved 1048576K

Card table byte_map: [0x0000000012640000,0x0000000012840000] byte_map_base: 0x0000000012037000

Marking Bits: (ParMarkBitMap*) 0x00000000569d4040
 Begin Bits: [0x0000000012d90000, 0x0000000013d48000)
 End Bits:   [0x0000000013d48000, 0x0000000014d00000)

Polling page: 0x0000000001120000

CodeCache: size=245760Kb used=7323Kb max_used=7323Kb free=238436Kb
 bounds [0x0000000003280000, 0x00000000039b0000, 0x0000000012280000]
 total_blobs=2573 nmethods=2194 adapters=292
 compilation: enabled

Compilation events (10 events):
Event: 4.994 Thread 0x00000000158b0000 2196       3       java.util.Collections$UnmodifiableMap::get (11 bytes)
Event: 4.995 Thread 0x00000000158b0000 nmethod 2196 0x000000000399e110 code [0x000000000399e280, 0x000000000399e4a8]
Event: 4.996 Thread 0x00000000158b0000 2197       3       org.springframework.util.StringUtils::cleanPath (281 bytes)
Event: 5.003 Thread 0x00000000158b0000 nmethod 2197 0x000000000399e550 code [0x000000000399eac0, 0x00000000039a1dc8]
Event: 5.005 Thread 0x00000000158b0000 2198       3       java.net.URI$Parser::<init> (31 bytes)
Event: 5.006 Thread 0x00000000158b0000 nmethod 2198 0x00000000039a3a90 code [0x00000000039a3c00, 0x00000000039a3e50]
Event: 5.006 Thread 0x00000000158b0000 2199       3       java.net.URI$Parser::parse (265 bytes)
Event: 5.010 Thread 0x00000000158b0000 nmethod 2199 0x00000000039a3f90 code [0x00000000039a43e0, 0x00000000039a6a88]
Event: 5.010 Thread 0x00000000158b0000 2200       3       java.net.URI::<init> (53 bytes)
Event: 5.011 Thread 0x00000000158b0000 nmethod 2200 0x00000000039a8290 code [0x00000000039a8420, 0x00000000039a88a8]

GC Heap History (10 events):
Event: 1.847 GC heap before
{Heap before GC invocations=4 (full 0):
 PSYoungGen      total 18944K, used 18913K [0x00000000eb100000, 0x00000000ed600000, 0x0000000100000000)
  eden space 16384K, 100% used [0x00000000eb100000,0x00000000ec100000,0x00000000ec100000)
  from space 2560K, 98% used [0x00000000ec100000,0x00000000ec378770,0x00000000ec380000)
  to   space 2560K, 0% used [0x00000000ed380000,0x00000000ed380000,0x00000000ed600000)
 ParOldGen       total 44032K, used 4609K [0x00000000c1200000, 0x00000000c3d00000, 0x00000000eb100000)
  object space 44032K, 10% used [0x00000000c1200000,0x00000000c1680538,0x00000000c3d00000)
 Metaspace       used 10634K, capacity 10896K, committed 11136K, reserved 1058816K
  class space    used 1219K, capacity 1285K, committed 1408K, reserved 1048576K
Event: 1.854 GC heap after
Heap after GC invocations=4 (full 0):
 PSYoungGen      total 35328K, used 2529K [0x00000000eb100000, 0x00000000ed600000, 0x0000000100000000)
  eden space 32768K, 0% used [0x00000000eb100000,0x00000000eb100000,0x00000000ed100000)
  from space 2560K, 98% used [0x00000000ed380000,0x00000000ed5f8790,0x00000000ed600000)
  to   space 2560K, 0% used [0x00000000ed100000,0x00000000ed100000,0x00000000ed380000)
 ParOldGen       total 44032K, used 6328K [0x00000000c1200000, 0x00000000c3d00000, 0x00000000eb100000)
  object space 44032K, 14% used [0x00000000c1200000,0x00000000c182e030,0x00000000c3d00000)
 Metaspace       used 10634K, capacity 10896K, committed 11136K, reserved 1058816K
  class space    used 1219K, capacity 1285K, committed 1408K, reserved 1048576K
}
Event: 2.576 GC heap before
{Heap before GC invocations=5 (full 0):
 PSYoungGen      total 35328K, used 35297K [0x00000000eb100000, 0x00000000ed600000, 0x0000000100000000)
  eden space 32768K, 100% used [0x00000000eb100000,0x00000000ed100000,0x00000000ed100000)
  from space 2560K, 98% used [0x00000000ed380000,0x00000000ed5f8790,0x00000000ed600000)
  to   space 2560K, 0% used [0x00000000ed100000,0x00000000ed100000,0x00000000ed380000)
 ParOldGen       total 44032K, used 6328K [0x00000000c1200000, 0x00000000c3d00000, 0x00000000eb100000)
  object space 44032K, 14% used [0x00000000c1200000,0x00000000c182e030,0x00000000c3d00000)
 Metaspace       used 13582K, capacity 13924K, committed 14208K, reserved 1060864K
  class space    used 1725K, capacity 1830K, committed 1920K, reserved 1048576K
Event: 2.588 GC heap after
Heap after GC invocations=5 (full 0):
 PSYoungGen      total 35328K, used 2545K [0x00000000eb100000, 0x00000000efe00000, 0x0000000100000000)
  eden space 32768K, 0% used [0x00000000eb100000,0x00000000eb100000,0x00000000ed100000)
  from space 2560K, 99% used [0x00000000ed100000,0x00000000ed37c780,0x00000000ed380000)
  to   space 6656K, 0% used [0x00000000ef780000,0x00000000ef780000,0x00000000efe00000)
 ParOldGen       total 44032K, used 9401K [0x00000000c1200000, 0x00000000c3d00000, 0x00000000eb100000)
  object space 44032K, 21% used [0x00000000c1200000,0x00000000c1b2e778,0x00000000c3d00000)
 Metaspace       used 13582K, capacity 13924K, committed 14208K, reserved 1060864K
  class space    used 1725K, capacity 1830K, committed 1920K, reserved 1048576K
}
Event: 3.028 GC heap before
{Heap before GC invocations=6 (full 0):
 PSYoungGen      total 35328K, used 35313K [0x00000000eb100000, 0x00000000efe00000, 0x0000000100000000)
  eden space 32768K, 100% used [0x00000000eb100000,0x00000000ed100000,0x00000000ed100000)
  from space 2560K, 99% used [0x00000000ed100000,0x00000000ed37c780,0x00000000ed380000)
  to   space 6656K, 0% used [0x00000000ef780000,0x00000000ef780000,0x00000000efe00000)
 ParOldGen       total 44032K, used 9401K [0x00000000c1200000, 0x00000000c3d00000, 0x00000000eb100000)
  object space 44032K, 21% used [0x00000000c1200000,0x00000000c1b2e778,0x00000000c3d00000)
 Metaspace       used 18058K, capacity 18534K, committed 18816K, reserved 1064960K
  class space    used 2289K, capacity 2421K, committed 2432K, reserved 1048576K
Event: 3.043 GC heap after
Heap after GC invocations=6 (full 0):
 PSYoungGen      total 71168K, used 6639K [0x00000000eb100000, 0x00000000f0000000, 0x0000000100000000)
  eden space 64512K, 0% used [0x00000000eb100000,0x00000000eb100000,0x00000000ef000000)
  from space 6656K, 99% used [0x00000000ef780000,0x00000000efdfbf50,0x00000000efe00000)
  to   space 7680K, 0% used [0x00000000ef000000,0x00000000ef000000,0x00000000ef780000)
 ParOldGen       total 44032K, used 10061K [0x00000000c1200000, 0x00000000c3d00000, 0x00000000eb100000)
  object space 44032K, 22% used [0x00000000c1200000,0x00000000c1bd36b0,0x00000000c3d00000)
 Metaspace       used 18058K, capacity 18534K, committed 18816K, reserved 1064960K
  class space    used 2289K, capacity 2421K, committed 2432K, reserved 1048576K
}
Event: 3.308 GC heap before
{Heap before GC invocations=7 (full 0):
 PSYoungGen      total 71168K, used 23484K [0x00000000eb100000, 0x00000000f0000000, 0x0000000100000000)
  eden space 64512K, 26% used [0x00000000eb100000,0x00000000ec1733a8,0x00000000ef000000)
  from space 6656K, 99% used [0x00000000ef780000,0x00000000efdfbf50,0x00000000efe00000)
  to   space 7680K, 0% used [0x00000000ef000000,0x00000000ef000000,0x00000000ef780000)
 ParOldGen       total 44032K, used 10061K [0x00000000c1200000, 0x00000000c3d00000, 0x00000000eb100000)
  object space 44032K, 22% used [0x00000000c1200000,0x00000000c1bd36b0,0x00000000c3d00000)
 Metaspace       used 20688K, capacity 21172K, committed 21248K, reserved 1067008K
  class space    used 2662K, capacity 2814K, committed 2816K, reserved 1048576K
Event: 3.322 GC heap after
Heap after GC invocations=7 (full 0):
 PSYoungGen      total 72192K, used 4242K [0x00000000eb100000, 0x00000000f3e00000, 0x0000000100000000)
  eden space 64512K, 0% used [0x00000000eb100000,0x00000000eb100000,0x00000000ef000000)
  from space 7680K, 55% used [0x00000000ef000000,0x00000000ef424b28,0x00000000ef780000)
  to   space 7680K, 0% used [0x00000000f3680000,0x00000000f3680000,0x00000000f3e00000)
 ParOldGen       total 44032K, used 11189K [0x00000000c1200000, 0x00000000c3d00000, 0x00000000eb100000)
  object space 44032K, 25% used [0x00000000c1200000,0x00000000c1ced668,0x00000000c3d00000)
 Metaspace       used 20688K, capacity 21172K, committed 21248K, reserved 1067008K
  class space    used 2662K, capacity 2814K, committed 2816K, reserved 1048576K
}
Event: 3.322 GC heap before
{Heap before GC invocations=8 (full 1):
 PSYoungGen      total 72192K, used 4242K [0x00000000eb100000, 0x00000000f3e00000, 0x0000000100000000)
  eden space 64512K, 0% used [0x00000000eb100000,0x00000000eb100000,0x00000000ef000000)
  from space 7680K, 55% used [0x00000000ef000000,0x00000000ef424b28,0x00000000ef780000)
  to   space 7680K, 0% used [0x00000000f3680000,0x00000000f3680000,0x00000000f3e00000)
 ParOldGen       total 44032K, used 11189K [0x00000000c1200000, 0x00000000c3d00000, 0x00000000eb100000)
  object space 44032K, 25% used [0x00000000c1200000,0x00000000c1ced668,0x00000000c3d00000)
 Metaspace       used 20688K, capacity 21172K, committed 21248K, reserved 1067008K
  class space    used 2662K, capacity 2814K, committed 2816K, reserved 1048576K
Event: 3.379 GC heap after
Heap after GC invocations=8 (full 1):
 PSYoungGen      total 72192K, used 0K [0x00000000eb100000, 0x00000000f3e00000, 0x0000000100000000)
  eden space 64512K, 0% used [0x00000000eb100000,0x00000000eb100000,0x00000000ef000000)
  from space 7680K, 0% used [0x00000000ef000000,0x00000000ef000000,0x00000000ef780000)
  to   space 7680K, 0% used [0x00000000f3680000,0x00000000f3680000,0x00000000f3e00000)
 ParOldGen       total 34816K, used 9291K [0x00000000c1200000, 0x00000000c3400000, 0x00000000eb100000)
  object space 34816K, 26% used [0x00000000c1200000,0x00000000c1b12f60,0x00000000c3400000)
 Metaspace       used 20686K, capacity 21166K, committed 21248K, reserved 1067008K
  class space    used 2662K, capacity 2813K, committed 2816K, reserved 1048576K
}

Deoptimization events (10 events):
Event: 3.123 Thread 0x0000000018918800 Uncommon trap: reason=unstable_if action=reinterpret pc=0x000000000370a4e4 method=jdk.internal.org.objectweb.asm.Type.getArgumentsAndReturnSizes(Ljava/lang/String;)I @ 47
Event: 3.151 Thread 0x00000000186ff000 Uncommon trap: reason=bimorphic action=maybe_recompile pc=0x000000000370c0b0 method=java.util.HashMap.putVal(ILjava/lang/Object;Ljava/lang/Object;ZZ)Ljava/lang/Object; @ 253
Event: 3.507 Thread 0x00000000186ff000 Uncommon trap: reason=bimorphic action=maybe_recompile pc=0x000000000370c0b0 method=java.util.HashMap.putVal(ILjava/lang/Object;Ljava/lang/Object;ZZ)Ljava/lang/Object; @ 253
Event: 3.515 Thread 0x0000000018918800 Uncommon trap: reason=unstable_if action=reinterpret pc=0x00000000037c67a8 method=com.sun.org.apache.xerces.internal.impl.XMLEntityScanner.scanLiteral(ILcom/sun/org/apache/xerces/internal/xni/XMLString;)I @ 563
Event: 3.534 Thread 0x00000000186ff000 Uncommon trap: reason=bimorphic action=maybe_recompile pc=0x000000000370c0b0 method=java.util.HashMap.putVal(ILjava/lang/Object;Ljava/lang/Object;ZZ)Ljava/lang/Object; @ 253
Event: 3.564 Thread 0x00000000186ff000 Uncommon trap: reason=bimorphic action=maybe_recompile pc=0x000000000370c0b0 method=java.util.HashMap.putVal(ILjava/lang/Object;Ljava/lang/Object;ZZ)Ljava/lang/Object; @ 253
Event: 3.589 Thread 0x0000000018918800 Uncommon trap: reason=unstable_if action=reinterpret pc=0x00000000037e63b0 method=com.sun.org.apache.xerces.internal.impl.XMLEntityScanner.skipSpaces()Z @ 115
Event: 3.789 Thread 0x00000000186ff000 Uncommon trap: reason=unstable_if action=reinterpret pc=0x00000000035a955c method=java.util.jar.Attributes.read(Ljava/util/jar/Manifest$FastInputStream;[B)V @ 58
Event: 3.998 Thread 0x00000000186ff000 Uncommon trap: reason=unstable_if action=reinterpret pc=0x00000000038ce9c0 method=java.util.concurrent.ConcurrentHashMap.putVal(Ljava/lang/Object;Ljava/lang/Object;Z)Ljava/lang/Object; @ 206
Event: 4.409 Thread 0x00000000186ff000 Uncommon trap: reason=unstable_if action=reinterpret pc=0x0000000003612494 method=org.springframework.util.ConcurrentReferenceHashMap$Segment.clear()V @ 4

Internal exceptions (10 events):
Event: 3.394 Thread 0x00000000186ff000 Exception <a 'java/lang/ClassNotFoundException': org/springframework/beans/factory/support/BeanDefinitionRegistryPostProcessorCustomizer> (0x00000000eb1774f8) thrown at [D:\re\workspace\8-2-build-windows-amd64-cygwin\jdk8u40\2855\hotspot\src\share\vm\classé&´§‡)@
Event: 3.395 Thread 0x00000000186ff000 Exception <a 'java/lang/ClassNotFoundException': org/springframework/beans/factory/config/BeanFactoryPostProcessorCustomizer> (0x00000000eb25fd58) thrown at [D:\re\workspace\8-2-build-windows-amd64-cygwin\jdk8u40\2855\hotspot\src\share\vm\classfile\systemD ÐVú|,@
Event: 3.397 Thread 0x00000000186ff000 Exception <a 'java/lang/ClassNotFoundException': org/springframework/core/PriorityOrderedCustomizer> (0x00000000eb27ba10) thrown at [D:\re\workspace\8-2-build-windows-amd64-cygwin\jdk8u40\2855\hotspot\src\share\vm\classfile\systemDictionary.cpp, line 210]
Event: 3.398 Thread 0x00000000186ff000 Exception <a 'java/lang/ClassNotFoundException': org/springframework/core/OrderedCustomizer> (0x00000000eb293888) thrown at [D:\re\workspace\8-2-build-windows-amd64-cygwin\jdk8u40\2855\hotspot\src\share\vm\classfile\systemDictionary.cpp, line 210]
Event: 3.399 Thread 0x00000000186ff000 Exception <a 'java/lang/ClassNotFoundException': org/springframework/context/ResourceLoaderAwareCustomizer> (0x00000000eb2b2350) thrown at [D:\re\workspace\8-2-build-windows-amd64-cygwin\jdk8u40\2855\hotspot\src\share\vm\classfile\systemDictionary.cpp, linÌ<¤ú3@
Event: 3.400 Thread 0x00000000186ff000 Exception <a 'java/lang/ClassNotFoundException': org/springframework/beans/factory/AwareCustomizer> (0x00000000eb2ce250) thrown at [D:\re\workspace\8-2-build-windows-amd64-cygwin\jdk8u40\2855\hotspot\src\share\vm\classfile\systemDictionary.cpp, line 210]
Event: 3.401 Thread 0x00000000186ff000 Exception <a 'java/lang/ClassNotFoundException': org/springframework/beans/factory/BeanClassLoaderAwareCustomizer> (0x00000000eb2eef20) thrown at [D:\re\workspace\8-2-build-windows-amd64-cygwin\jdk8u40\2855\hotspot\src\share\vm\classfile\systemDictionary.cçÞhY·7@
Event: 3.402 Thread 0x00000000186ff000 Exception <a 'java/lang/ClassNotFoundException': org/springframework/beans/factory/AwareCustomizer> (0x00000000eb30ae20) thrown at [D:\re\workspace\8-2-build-windows-amd64-cygwin\jdk8u40\2855\hotspot\src\share\vm\classfile\systemDictionary.cpp, line 210]
Event: 3.403 Thread 0x00000000186ff000 Exception <a 'java/lang/ClassNotFoundException': org/springframework/context/EnvironmentAwareCustomizer> (0x00000000eb327b48) thrown at [D:\re\workspace\8-2-build-windows-amd64-cygwin\jdk8u40\2855\hotspot\src\share\vm\classfile\systemDictionary.cpp, line 2§wG
Event: 3.405 Thread 0x00000000186ff000 Exception <a 'java/lang/ClassNotFoundException': org/springframework/beans/factory/AwareCustomizer> (0x00000000eb343988) thrown at [D:\re\workspace\8-2-build-windows-amd64-cygwin\jdk8u40\2855\hotspot\src\share\vm\classfile\systemDictionary.cpp, line 210]

Events (10 events):
Event: 4.989 loading class org/springframework/boot/context/config/ConfigFileApplicationListener$DocumentConsumer
Event: 4.989 loading class org/springframework/boot/context/config/ConfigFileApplicationListener$DocumentConsumer done
Event: 4.989 loading class org/springframework/boot/context/config/ConfigFileApplicationListener$Document
Event: 4.989 loading class org/springframework/boot/context/config/ConfigFileApplicationListener$Document done
Event: 4.989 loading class org/springframework/boot/context/config/ConfigFileApplicationListener$DocumentConsumer
Event: 4.989 loading class org/springframework/boot/context/config/ConfigFileApplicationListener$DocumentConsumer done
Event: 4.990 loading class org/springframework/boot/context/config/ConfigFileApplicationListener$Profile
Event: 4.990 loading class org/springframework/boot/context/config/ConfigFileApplicationListener$Profile done
Event: 4.990 loading class org/springframework/boot/context/config/ConfigFileApplicationListener$Profile
Event: 4.990 loading class org/springframework/boot/context/config/ConfigFileApplicationListener$Profile done


Dynamic libraries:
0x00007ff6bbfb0000 - 0x00007ff6bbfe7000 	C:\Program Files\Java\jdk1.8.0_40\bin\javaw.exe
0x00007ffd8cd40000 - 0x00007ffd8cf21000 	C:\WINDOWS\SYSTEM32\ntdll.dll
0x00007ffd8a340000 - 0x00007ffd8a3f1000 	C:\WINDOWS\System32\KERNEL32.DLL
0x00007ffd89170000 - 0x00007ffd893e3000 	C:\WINDOWS\System32\KERNELBASE.dll
0x00007ffd8a290000 - 0x00007ffd8a331000 	C:\WINDOWS\System32\ADVAPI32.dll
0x00007ffd8bfd0000 - 0x00007ffd8c06e000 	C:\WINDOWS\System32\msvcrt.dll
0x00007ffd8a1d0000 - 0x00007ffd8a22b000 	C:\WINDOWS\System32\sechost.dll
0x00007ffd8c210000 - 0x00007ffd8c334000 	C:\WINDOWS\System32\RPCRT4.dll
0x00007ffd8c600000 - 0x00007ffd8c790000 	C:\WINDOWS\System32\USER32.dll
0x00007ffd8a0e0000 - 0x00007ffd8a100000 	C:\WINDOWS\System32\win32u.dll
0x00007ffd8c5d0000 - 0x00007ffd8c5f8000 	C:\WINDOWS\System32\GDI32.dll
0x00007ffd89730000 - 0x00007ffd898c2000 	C:\WINDOWS\System32\gdi32full.dll
0x00007ffd894a0000 - 0x00007ffd8953f000 	C:\WINDOWS\System32\msvcp_win.dll
0x00007ffd89fe0000 - 0x00007ffd8a0d8000 	C:\WINDOWS\System32\ucrtbase.dll
0x00007ffd80880000 - 0x00007ffd80ae9000 	C:\WINDOWS\WinSxS\amd64_microsoft.windows.common-controls_6595b64144ccf1df_6.0.17134.706_none_fb43a2cb30647007\COMCTL32.dll
0x00007ffd8c840000 - 0x00007ffd8cb62000 	C:\WINDOWS\System32\combase.dll
0x00007ffd8a100000 - 0x00007ffd8a17a000 	C:\WINDOWS\System32\bcryptPrimitives.dll
0x00007ffd8c350000 - 0x00007ffd8c37d000 	C:\WINDOWS\System32\IMM32.DLL
0x0000000057050000 - 0x0000000057122000 	C:\Program Files\Java\jdk1.8.0_40\jre\bin\msvcr100.dll
0x00000000561d0000 - 0x0000000056a53000 	C:\Program Files\Java\jdk1.8.0_40\jre\bin\server\jvm.dll
0x00007ffd8bef0000 - 0x00007ffd8bef8000 	C:\WINDOWS\System32\PSAPI.DLL
0x00007ffd87c90000 - 0x00007ffd87c99000 	C:\WINDOWS\SYSTEM32\WSOCK32.dll
0x00007ffd7e6c0000 - 0x00007ffd7e6e3000 	C:\WINDOWS\SYSTEM32\WINMM.dll
0x00007ffd8bf00000 - 0x00007ffd8bf6c000 	C:\WINDOWS\System32\WS2_32.dll
0x00007ffd81a20000 - 0x00007ffd81a2a000 	C:\WINDOWS\SYSTEM32\VERSION.dll
0x00007ffd7e4b0000 - 0x00007ffd7e4da000 	C:\WINDOWS\SYSTEM32\winmmbase.dll
0x00007ffd8a180000 - 0x00007ffd8a1c9000 	C:\WINDOWS\System32\cfgmgr32.dll
0x00000000560e0000 - 0x00000000560ef000 	C:\Program Files\Java\jdk1.8.0_40\jre\bin\verify.dll
0x00000000560b0000 - 0x00000000560d9000 	C:\Program Files\Java\jdk1.8.0_40\jre\bin\java.dll
0x0000000056060000 - 0x0000000056076000 	C:\Program Files\Java\jdk1.8.0_40\jre\bin\zip.dll
0x00007ffd8a850000 - 0x00007ffd8bc90000 	C:\WINDOWS\System32\SHELL32.dll
0x00007ffd8c790000 - 0x00007ffd8c839000 	C:\WINDOWS\System32\shcore.dll
0x00007ffd898d0000 - 0x00007ffd89fdd000 	C:\WINDOWS\System32\windows.storage.dll
0x00007ffd8bf70000 - 0x00007ffd8bfc1000 	C:\WINDOWS\System32\shlwapi.dll
0x00007ffd89070000 - 0x00007ffd89081000 	C:\WINDOWS\System32\kernel.appcore.dll
0x00007ffd890f0000 - 0x00007ffd8910f000 	C:\WINDOWS\System32\profapi.dll
0x00007ffd890a0000 - 0x00007ffd890ec000 	C:\WINDOWS\System32\powrprof.dll
0x00007ffd89090000 - 0x00007ffd8909a000 	C:\WINDOWS\System32\FLTLIB.DLL
0x0000000056040000 - 0x000000005605a000 	C:\Program Files\Java\jdk1.8.0_40\jre\bin\net.dll
0x00007ffd88870000 - 0x00007ffd888d6000 	C:\WINDOWS\system32\mswsock.dll
0x00007ffd885f0000 - 0x00007ffd88628000 	C:\WINDOWS\SYSTEM32\IPHLPAPI.DLL
0x00007ffd8c340000 - 0x00007ffd8c348000 	C:\WINDOWS\System32\NSI.dll
0x00007ffd82c40000 - 0x00007ffd82c56000 	C:\WINDOWS\SYSTEM32\dhcpcsvc6.DLL
0x00007ffd823c0000 - 0x00007ffd823da000 	C:\WINDOWS\SYSTEM32\dhcpcsvc.DLL
0x00007ffd88630000 - 0x00007ffd886ee000 	C:\WINDOWS\SYSTEM32\DNSAPI.dll
0x00007ffd80090000 - 0x00007ffd8009a000 	C:\Windows\System32\rasadhlp.dll
0x00007ffd80800000 - 0x00007ffd80872000 	C:\WINDOWS\System32\fwpuclnt.dll
0x00007ffd88bb0000 - 0x00007ffd88bd5000 	C:\WINDOWS\SYSTEM32\bcrypt.dll
0x0000000055fe0000 - 0x0000000055fed000 	C:\Program Files\Java\jdk1.8.0_40\jre\bin\management.dll
0x00007ffd84320000 - 0x00007ffd84336000 	C:\WINDOWS\system32\napinsp.dll
0x00007ffd84300000 - 0x00007ffd8431a000 	C:\WINDOWS\system32\pnrpnsp.dll
0x00007ffd83d70000 - 0x00007ffd83d89000 	C:\WINDOWS\system32\NLAapi.dll
0x00007ffd84fe0000 - 0x00007ffd84fee000 	C:\WINDOWS\System32\winrnr.dll
0x0000000056020000 - 0x0000000056031000 	C:\Program Files\Java\jdk1.8.0_40\jre\bin\nio.dll

VM Arguments:
jvm_args: -Dserver.port=8000 -Dfile.encoding=UTF-8 
java_command: com.srikanth.microservices.currencyexchangeservice.CurrencyExchangeServiceApplication
java_class_path (initial): C:\Program Files\Java\jdk1.8.0_40\jre\lib\resources.jar;C:\Program Files\Java\jdk1.8.0_40\jre\lib\rt.jar;C:\Program Files\Java\jdk1.8.0_40\jre\lib\jsse.jar;C:\Program Files\Java\jdk1.8.0_40\jre\lib\jce.jar;C:\Program Files\Java\jdk1.8.0_40\jre\lib\charsets.jar;C:\Program Files\Java\jdk1.8.0_40\jre\lib\jfr.jar;C:\Program Files\Java\jdk1.8.0_40\jre\lib\ext\access-bridge-64.jar;C:\Program Files\Java\jdk1.8.0_40\jre\lib\ext\cldrdata.jar;C:\Program Files\Java\jdk1.8.0_40\jre\lib\ext\dnsns.jar;C:\Program Files\Java\jdk1.8.0_40\jre\lib\ext\jaccess.jar;C:\Program Files\Java\jdk1.8.0_40\jre\lib\ext\jfxrt.jar;C:\Program Files\Java\jdk1.8.0_40\jre\lib\ext\localedata.jar;C:\Program Files\Java\jdk1.8.0_40\jre\lib\ext\nashorn.jar;C:\Program Files\Java\jdk1.8.0_40\jre\lib\ext\sunec.jar;C:\Program Files\Java\jdk1.8.0_40\jre\lib\ext\sunjce_provider.jar;C:\Program Files\Java\jdk1.8.0_40\jre\lib\ext\sunmscapi.jar;C:\Program Files\Java\jdk1.8.0_40\jre\lib\ext\sunpkcs11.jar;C:\Program Files\Java\jdk1.8.0_40\jre\lib\ext\zipfs.jar;H:\Prep\currency-exchange-service\target\classes;C:\Users\welcome\.m2\repository\org\springframework\boot\spring-boot-starter-actuator\2.1.4.RELEASE\spring-boot-starter-actuator-2.1.4.RELEASE.jar;C:\Users\welcome\.m2\repository\org\springframework\boot\spring-boot-starter\2.1.4.RELEASE\spring-boot-starter-2.1.4.RELEASE.jar;C:\Users\welcome\.m2\repository\org\springframework\boot\spring-boot-starter-logging\2.1.4.RELEASE\spring-boot-starter-logging-2.1.4.RELEASE.jar;C:\Users\welcome\.m2\repository\ch\qos\logback\logback-classic\1.2.3\logback-classic-1.2.3.jar;C:\Users\welcome\.m2\repository\ch\qos\logback\logback-core\1.2.3\logback-core-1.2.3.jar;C:\Users\welcome\.m2\repository\org\apache\logging\log4j\log4j-to-slf4j\2.11.2\log4j-to-slf4j-2.11.2.jar;C:\Users\welcome\.m2\repository\org\apache\logging\log4j\log4j-api\2.11.2\log4j-api-2.11.2.jar;C:\Users\welcome\.m2\repository\org\slf4j\jul-to-slf4j\1.7.26\jul-to-slf4j-1.7.26.jar;C:\User
Launcher Type: SUN_STANDARD

Environment Variables:
JAVA_HOME=C:\Program Files\Java\jdk1.8.0_40
JRE_HOME=C:\Program Files\Java\jre1.8.0_40
PATH=C:/Program Files/Java/jdk1.8.0_40/bin/../jre/bin/server;C:/Program Files/Java/jdk1.8.0_40/bin/../jre/bin;C:/Program Files/Java/jdk1.8.0_40/bin/../jre/lib/amd64;C:\Program Files\apache-maven-3.5.0\bin;C:\Program Files (x86)\Skype\Phone\;C:\Program Files\Java\jdk1.8.0_40\bin;C:\Program Files\Java\jre1.8.0_40\bin;C:\Program Files\Git\cmd;C:\Program Files (x86)\Brackets\command;C:\WINDOWS\system32;C:\WINDOWS;C:\WINDOWS\System32\Wbem;C:\WINDOWS\System32\WindowsPowerShell\v1.0\;C:\Program Files\nodejs\;;C:\WINDOWS\System32\OpenSSH\;C:\Program Files\Microsoft SQL Server\Client SDK\ODBC\130\Tools\Binn\;C:\Program Files (x86)\Microsoft SQL Server\140\Tools\Binn\;C:\Program Files\Microsoft SQL Server\140\Tools\Binn\;C:\Program Files\Microsoft SQL Server\140\DTS\Binn\;C:\Program Files (x86)\Microsoft SQL Server\Client SDK\ODBC\130\Tools\Binn\;C:\Program Files (x86)\Microsoft SQL Server\140\DTS\Binn\;C:\Program Files (x86)\Microsoft SQL Server\140\Tools\Binn\ManagementStudio\;C:\Program Files\Java\jdk1.8.0_40;C:\Users\welcome\AppData\Local\Microsoft\WindowsApps;C:\Users\welcome\AppData\Roaming\npm;;H:\eclipse;
USERNAME=SreekanthReddy
OS=Windows_NT
PROCESSOR_IDENTIFIER=Intel64 Family 6 Model 61 Stepping 4, GenuineIntel



---------------  S Y S T E M  ---------------

OS: Windows 10.0 , 64 bit Build 17134 (10.0.17134.706)

CPU:total 4 (2 cores per cpu, 2 threads per core) family 6 model 61 stepping 4, cmov, cx8, fxsr, mmx, sse, sse2, sse3, ssse3, sse4.1, sse4.2, popcnt, clmul, erms, 3dnowpref, lzcnt, ht, tsc, tscinvbit

Memory: 4k page, physical 4113068k(303256k free), swap 6161068k(4148k free)

vm_info: Java HotSpot(TM) 64-Bit Server VM (25.40-b25) for windows-amd64 JRE (1.8.0_40-b25), built on Feb 10 2015 21:53:57 by "java_re" with MS VC++ 10.0 (VS2010)

time: Sun Apr 14 17:23:37 2019
elapsed time: 5 seconds (0d 0h 0m 5s)

