#
# There is insufficient memory for the Java Runtime Environment to continue.
# Native memory allocation (malloc) failed to allocate 111296 bytes for Chunk::new
# Possible reasons:
#   The system is out of physical RAM or swap space
#   In 32 bit mode, the process size limit was hit
# Possible solutions:
#   Reduce memory load on the system
#   Increase physical memory or swap space
#   Check if swap backing store is full
#   Use 64 bit Java on a 64 bit OS
#   Decrease Java heap size (-Xmx/-Xms)
#   Decrease number of Java threads
#   Decrease Java thread stack sizes (-Xss)
#   Set larger code cache with -XX:ReservedCodeCacheSize=
# This output file may be truncated or incomplete.
#

JavaThread "DestroyJavaVM" [_thread_blocked, id=7876, stack(0x0000000002860000,0x0000000002960000)]
  0x00000000175c7000 JavaThread "http-nio-8000-Acceptor-0" daemon [_thread_in_native, id=1160, stack(0x000000001fda0000,0x000000001fea0000)]
  0x00000000175ca000 JavaThread "http-nio-8000-ClientPoller-1" daemon [_thread_in_native, id=1504, stack(0x000000001fca0000,0x000000001fda0000)]
  0x00000000175be800 JavaThread "http-nio-8000-ClientPoller-0" daemon [_thread_in_native, id=7152, stack(0x000000001fba0000,0x000000001fca0000)]
  0x00000000175c5800 JavaThread "http-nio-8000-exec-10" daemon [_thread_blocked, id=1200, stack(0x000000001faa0000,0x000000001fba0000)]
  0x00000000175c4800 JavaThread "http-nio-8000-exec-9" daemon [_thread_blocked, id=11280, stack(0x000000001f9a0000,0x000000001faa0000)]
  0x00000000175c3000 JavaThread "http-nio-8000-exec-8" daemon [_thread_blocked, id=5464, stack(0x000000001f8a0000,0x000000001f9a0000)]
  0x00000000175c2800 JavaThread "http-nio-8000-exec-7" daemon [_thread_blocked, id=3980, stack(0x000000001f7a0000,0x000000001f8a0000)]
  0x00000000175c1800 JavaThread "http-nio-8000-exec-6" daemon [_thread_blocked, id=10844, stack(0x000000001f6a0000,0x000000001f7a0000)]
  0x00000000175c0000 JavaThread "http-nio-8000-exec-5" daemon [_thread_blocked, id=9264, stack(0x000000001f5a0000,0x000000001f6a0000)]
  0x00000000175bf000 JavaThread "http-nio-8000-exec-4" daemon [_thread_blocked, id=7136, stack(0x000000001f4a0000,0x000000001f5a0000)]
  0x00000000175c4000 JavaThread "http-nio-8000-exec-3" daemon [_thread_blocked, id=5308, stack(0x000000001f3a0000,0x000000001f4a0000)]
  0x00000000175bd800 JavaThread "http-nio-8000-exec-2" daemon [_thread_blocked, id=11408, stack(0x000000001f2a0000,0x000000001f3a0000)]
  0x00000000175c0800 JavaThread "http-nio-8000-exec-1" daemon [_thread_blocked, id=11584, stack(0x000000001f1a0000,0x000000001f2a0000)]
  0x00000000175bd000 JavaThread "NioBlockingSelector.BlockPoller-1" daemon [_thread_in_native, id=7672, stack(0x000000001f0a0000,0x000000001f1a0000)]
  0x0000000015091800 JavaThread "DiscoveryClient-InstanceInfoReplicator-0" daemon [_thread_blocked, id=10668, stack(0x000000001eda0000,0x000000001eea0000)]
  0x0000000015095800 JavaThread "DiscoveryClient-1" daemon [_thread_blocked, id=12280, stack(0x000000001eca0000,0x000000001eda0000)]
  0x0000000015097000 JavaThread "DiscoveryClient-0" daemon [_thread_blocked, id=3184, stack(0x000000001eba0000,0x000000001eca0000)]
  0x0000000015090000 JavaThread "AsyncResolver-bootstrap-0" daemon [_thread_blocked, id=8648, stack(0x000000001e9a0000,0x000000001eaa0000)]
  0x0000000015094800 JavaThread "Eureka-JerseyClient-Conn-Cleaner2" daemon [_thread_blocked, id=4300, stack(0x000000001e8a0000,0x000000001e9a0000)]
  0x0000000015090800 JavaThread "File Watcher" daemon [_thread_blocked, id=3716, stack(0x000000001d1d0000,0x000000001d2d0000)]
  0x000000001a53e000 JavaThread "container-0" [_thread_blocked, id=11832, stack(0x000000001ced0000,0x000000001cfd0000)]
  0x000000001be47800 JavaThread "Catalina-utility-2" [_thread_blocked, id=10984, stack(0x000000001cdd0000,0x000000001ced0000)]
  0x000000001be46800 JavaThread "Catalina-utility-1" [_thread_blocked, id=11060, stack(0x000000001ccd0000,0x000000001cdd0000)]
  0x000000001a830000 JavaThread "spring.cloud.inetutils" daemon [_thread_blocked, id=6100, stack(0x000000001c4f0000,0x000000001c5f0000)]
  0x0000000016930000 JavaThread "Service Thread" daemon [_thread_blocked, id=10988, stack(0x0000000016cf0000,0x0000000016df0000)]
  0x0000000015093800 JavaThread "C1 CompilerThread2" daemon [_thread_blocked, id=2332, stack(0x00000000167f0000,0x00000000168f0000)]
=>0x0000000015082000 JavaThread "C2 CompilerThread1" daemon [_thread_in_native, id=4628, stack(0x00000000166f0000,0x00000000167f0000)]
  0x000000001507f000 JavaThread "C2 CompilerThread0" daemon [_thread_blocked, id=10704, stack(0x00000000165f0000,0x00000000166f0000)]
  0x000000001507d800 JavaThread "Attach Listener" daemon [_thread_blocked, id=5160, stack(0x00000000164f0000,0x00000000165f0000)]
  0x000000001507c800 JavaThread "Signal Dispatcher" daemon [_thread_blocked, id=3488, stack(0x00000000163f0000,0x00000000164f0000)]
  0x0000000002a5c800 JavaThread "Finalizer" daemon [_thread_blocked, id=7548, stack(0x00000000162f0000,0x00000000163f0000)]
  0x0000000002a54000 JavaThread "Reference Handler" daemon [_thread_blocked, id=6604, stack(0x00000000161f0000,0x00000000162f0000)]

Other Threads:
  0x0000000015047000 VMThread [stack: 0x00000000160f0000,0x00000000161f0000] [id=2704]
  0x00000000150de000 WatcherThread [stack: 0x0000000016df0000,0x0000000016ef0000] [id=8292]

VM state:not at safepoint (normal execution)

VM Mutex/Monitor currently owned by a thread: None

Heap:
 PSYoungGen      total 175104K, used 90852K [0x00000000eb100000, 0x00000000f6c00000, 0x0000000100000000)
  eden space 161792K, 49% used [0x00000000eb100000,0x00000000efe9d948,0x00000000f4f00000)
  from space 13312K, 85% used [0x00000000f5f00000,0x00000000f6a1b740,0x00000000f6c00000)
  to   space 14848K, 0% used [0x00000000f4f00000,0x00000000f4f00000,0x00000000f5d80000)
 ParOldGen       total 55808K, used 27242K [0x00000000c1200000, 0x00000000c4880000, 0x00000000eb100000)
  object space 55808K, 48% used [0x00000000c1200000,0x00000000c2c9a820,0x00000000c4880000)
 Metaspace       used 51625K, capacity 54234K, committed 54360K, reserved 1095680K
  class space    used 6828K, capacity 7282K, committed 7296K, reserved 1048576K

Card table byte_map: [0x0000000011e20000,0x0000000012020000] byte_map_base: 0x0000000011817000

Marking Bits: (ParMarkBitMap*) 0x00000000569d4040
 Begin Bits: [0x0000000012570000, 0x0000000013528000)
 End Bits:   [0x0000000013528000, 0x00000000144e0000)

Polling page: 0x00000000008f0000

CodeCache: size=245760Kb used=17392Kb max_used=17813Kb free=228367Kb
 bounds [0x0000000002a60000, 0x0000000003c20000, 0x0000000011a60000]
 total_blobs=5411 nmethods=4921 adapters=403
 compilation: enabled

Compilation events (10 events):
Event: 650.490 Thread 0x0000000015093800 nmethod 5891 0x0000000003925110 code [0x0000000003925280, 0x0000000003925490]
Event: 650.490 Thread 0x0000000015093800 5890       1       com.sun.jersey.api.client.ClientResponse::getHeaders (5 bytes)
Event: 650.490 Thread 0x0000000015093800 nmethod 5890 0x0000000003924e50 code [0x0000000003924fa0, 0x00000000039250b0]
Event: 650.490 Thread 0x0000000015093800 5892       3       java.util.concurrent.atomic.AtomicLong::incrementAndGet (14 bytes)
Event: 650.490 Thread 0x0000000015093800 nmethod 5892 0x0000000003924b10 code [0x0000000003924c60, 0x0000000003924dd0]
Event: 655.332 Thread 0x0000000015093800 5893       1       org.apache.catalina.core.StandardWrapper::getServlet (5 bytes)
Event: 655.332 Thread 0x0000000015093800 nmethod 5893 0x0000000003924850 code [0x00000000039249a0, 0x0000000003924ab0]
Event: 658.068 Thread 0x000000001507f000 5894       4       java.util.concurrent.locks.AbstractQueuedSynchronizer::release (33 bytes)
Event: 658.071 Thread 0x000000001507f000 nmethod 5894 0x000000000373a510 code [0x000000000373a660, 0x000000000373a7e8]
Event: 669.201 Thread 0x0000000015082000 5895   !   4       sun.nio.ch.WindowsSelectorImpl$SubSelector::processFDSet (374 bytes)

GC Heap History (10 events):
Event: 8.076 GC heap before
{Heap before GC invocations=10 (full 1):
 PSYoungGen      total 105984K, used 105701K [0x00000000eb100000, 0x00000000f3c00000, 0x0000000100000000)
  eden space 99328K, 100% used [0x00000000eb100000,0x00000000f1200000,0x00000000f1200000)
  from space 6656K, 95% used [0x00000000f3580000,0x00000000f3bb94b8,0x00000000f3c00000)
  to   space 7680K, 0% used [0x00000000f2d00000,0x00000000f2d00000,0x00000000f3480000)
 ParOldGen       total 34816K, used 8141K [0x00000000c1200000, 0x00000000c3400000, 0x00000000eb100000)
  object space 34816K, 23% used [0x00000000c1200000,0x00000000c19f37e8,0x00000000c3400000)
 Metaspace       used 29117K, capacity 30088K, committed 30208K, reserved 1075200K
  class space    used 3792K, capacity 4028K, committed 4096K, reserved 1048576K
Event: 8.100 GC heap after
Heap after GC invocations=10 (full 1):
 PSYoungGen      total 134656K, used 7672K [0x00000000eb100000, 0x00000000f4380000, 0x0000000100000000)
  eden space 126976K, 0% used [0x00000000eb100000,0x00000000eb100000,0x00000000f2d00000)
  from space 7680K, 99% used [0x00000000f2d00000,0x00000000f347e1f8,0x00000000f3480000)
  to   space 9728K, 0% used [0x00000000f3a00000,0x00000000f3a00000,0x00000000f4380000)
 ParOldGen       total 34816K, used 10043K [0x00000000c1200000, 0x00000000c3400000, 0x00000000eb100000)
  object space 34816K, 28% used [0x00000000c1200000,0x00000000c1bcee58,0x00000000c3400000)
 Metaspace       used 29117K, capacity 30088K, committed 30208K, reserved 1075200K
  class space    used 3792K, capacity 4028K, committed 4096K, reserved 1048576K
}
Event: 10.962 GC heap before
{Heap before GC invocations=11 (full 1):
 PSYoungGen      total 134656K, used 89931K [0x00000000eb100000, 0x00000000f4380000, 0x0000000100000000)
  eden space 126976K, 64% used [0x00000000eb100000,0x00000000f0154c60,0x00000000f2d00000)
  from space 7680K, 99% used [0x00000000f2d00000,0x00000000f347e1f8,0x00000000f3480000)
  to   space 9728K, 0% used [0x00000000f3a00000,0x00000000f3a00000,0x00000000f4380000)
 ParOldGen       total 34816K, used 10043K [0x00000000c1200000, 0x00000000c3400000, 0x00000000eb100000)
  object space 34816K, 28% used [0x00000000c1200000,0x00000000c1bcee58,0x00000000c3400000)
 Metaspace       used 33941K, capacity 35378K, committed 35416K, reserved 1079296K
  class space    used 4426K, capacity 4708K, committed 4736K, reserved 1048576K
Event: 10.985 GC heap after
Heap after GC invocations=11 (full 1):
 PSYoungGen      total 137728K, used 9699K [0x00000000eb100000, 0x00000000f6880000, 0x0000000100000000)
  eden space 128000K, 0% used [0x00000000eb100000,0x00000000eb100000,0x00000000f2e00000)
  from space 9728K, 99% used [0x00000000f3a00000,0x00000000f4378d60,0x00000000f4380000)
  to   space 12288K, 0% used [0x00000000f2e00000,0x00000000f2e00000,0x00000000f3a00000)
 ParOldGen       total 34816K, used 13692K [0x00000000c1200000, 0x00000000c3400000, 0x00000000eb100000)
  object space 34816K, 39% used [0x00000000c1200000,0x00000000c1f5f168,0x00000000c3400000)
 Metaspace       used 33941K, capacity 35378K, committed 35416K, reserved 1079296K
  class space    used 4426K, capacity 4708K, committed 4736K, reserved 1048576K
}
Event: 10.985 GC heap before
{Heap before GC invocations=12 (full 2):
 PSYoungGen      total 137728K, used 9699K [0x00000000eb100000, 0x00000000f6880000, 0x0000000100000000)
  eden space 128000K, 0% used [0x00000000eb100000,0x00000000eb100000,0x00000000f2e00000)
  from space 9728K, 99% used [0x00000000f3a00000,0x00000000f4378d60,0x00000000f4380000)
  to   space 12288K, 0% used [0x00000000f2e00000,0x00000000f2e00000,0x00000000f3a00000)
 ParOldGen       total 34816K, used 13692K [0x00000000c1200000, 0x00000000c3400000, 0x00000000eb100000)
  object space 34816K, 39% used [0x00000000c1200000,0x00000000c1f5f168,0x00000000c3400000)
 Metaspace       used 33941K, capacity 35378K, committed 35416K, reserved 1079296K
  class space    used 4426K, capacity 4708K, committed 4736K, reserved 1048576K
Event: 11.110 GC heap after
Heap after GC invocations=12 (full 2):
 PSYoungGen      total 137728K, used 0K [0x00000000eb100000, 0x00000000f6880000, 0x0000000100000000)
  eden space 128000K, 0% used [0x00000000eb100000,0x00000000eb100000,0x00000000f2e00000)
  from space 9728K, 0% used [0x00000000f3a00000,0x00000000f3a00000,0x00000000f4380000)
  to   space 12288K, 0% used [0x00000000f2e00000,0x00000000f2e00000,0x00000000f3a00000)
 ParOldGen       total 55808K, used 17148K [0x00000000c1200000, 0x00000000c4880000, 0x00000000eb100000)
  object space 55808K, 30% used [0x00000000c1200000,0x00000000c22bf0f0,0x00000000c4880000)
 Metaspace       used 33941K, capacity 35378K, committed 35416K, reserved 1079296K
  class space    used 4426K, capacity 4708K, committed 4736K, reserved 1048576K
}
Event: 15.034 GC heap before
{Heap before GC invocations=13 (full 2):
 PSYoungGen      total 137728K, used 128000K [0x00000000eb100000, 0x00000000f6880000, 0x0000000100000000)
  eden space 128000K, 100% used [0x00000000eb100000,0x00000000f2e00000,0x00000000f2e00000)
  from space 9728K, 0% used [0x00000000f3a00000,0x00000000f3a00000,0x00000000f4380000)
  to   space 12288K, 0% used [0x00000000f2e00000,0x00000000f2e00000,0x00000000f3a00000)
 ParOldGen       total 55808K, used 17148K [0x00000000c1200000, 0x00000000c4880000, 0x00000000eb100000)
  object space 55808K, 30% used [0x00000000c1200000,0x00000000c22bf0f0,0x00000000c4880000)
 Metaspace       used 39893K, capacity 41578K, committed 41944K, reserved 1085440K
  class space    used 5188K, capacity 5511K, committed 5632K, reserved 1048576K
Event: 15.063 GC heap after
Heap after GC invocations=13 (full 2):
 PSYoungGen      total 140288K, used 12287K [0x00000000eb100000, 0x00000000f6c80000, 0x0000000100000000)
  eden space 128000K, 0% used [0x00000000eb100000,0x00000000eb100000,0x00000000f2e00000)
  from space 12288K, 99% used [0x00000000f2e00000,0x00000000f39ffc40,0x00000000f3a00000)
  to   space 13824K, 0% used [0x00000000f5f00000,0x00000000f5f00000,0x00000000f6c80000)
 ParOldGen       total 55808K, used 17848K [0x00000000c1200000, 0x00000000c4880000, 0x00000000eb100000)
  object space 55808K, 31% used [0x00000000c1200000,0x00000000c236e300,0x00000000c4880000)
 Metaspace       used 39893K, capacity 41578K, committed 41944K, reserved 1085440K
  class space    used 5188K, capacity 5511K, committed 5632K, reserved 1048576K
}
Event: 18.880 GC heap before
{Heap before GC invocations=14 (full 2):
 PSYoungGen      total 140288K, used 140287K [0x00000000eb100000, 0x00000000f6c80000, 0x0000000100000000)
  eden space 128000K, 100% used [0x00000000eb100000,0x00000000f2e00000,0x00000000f2e00000)
  from space 12288K, 99% used [0x00000000f2e00000,0x00000000f39ffc40,0x00000000f3a00000)
  to   space 13824K, 0% used [0x00000000f5f00000,0x00000000f5f00000,0x00000000f6c80000)
 ParOldGen       total 55808K, used 17848K [0x00000000c1200000, 0x00000000c4880000, 0x00000000eb100000)
  object space 55808K, 31% used [0x00000000c1200000,0x00000000c236e300,0x00000000c4880000)
 Metaspace       used 47362K, capacity 49672K, committed 50008K, reserved 1093632K
  class space    used 6256K, capacity 6671K, committed 6784K, reserved 1048576K
Event: 18.914 GC heap after
Heap after GC invocations=14 (full 2):
 PSYoungGen      total 175104K, used 11373K [0x00000000eb100000, 0x00000000f6c00000, 0x0000000100000000)
  eden space 161792K, 0% used [0x00000000eb100000,0x00000000eb100000,0x00000000f4f00000)
  from space 13312K, 85% used [0x00000000f5f00000,0x00000000f6a1b740,0x00000000f6c00000)
  to   space 14848K, 0% used [0x00000000f4f00000,0x00000000f4f00000,0x00000000f5d80000)
 ParOldGen       total 55808K, used 27242K [0x00000000c1200000, 0x00000000c4880000, 0x00000000eb100000)
  object space 55808K, 48% used [0x00000000c1200000,0x00000000c2c9a820,0x00000000c4880000)
 Metaspace       used 47362K, capacity 49672K, committed 50008K, reserved 1093632K
  class space    used 6256K, capacity 6671K, committed 6784K, reserved 1048576K
}

Deoptimization events (10 events):
Event: 20.056 Thread 0x0000000017d15800 Uncommon trap: reason=class_check action=maybe_recompile pc=0x000000000366452c method=java.util.TreeMap.getEntry(Ljava/lang/Object;)Ljava/util/TreeMap$Entry; @ 26
Event: 569.392 Thread 0x00000000175c2800 Uncommon trap: reason=class_check action=maybe_recompile pc=0x0000000003227114 method=java.util.AbstractList$Itr.hasNext()Z @ 8
Event: 569.392 Thread 0x00000000175c2800 Uncommon trap: reason=class_check action=maybe_recompile pc=0x00000000034896c4 method=java.util.AbstractList$Itr.next()Ljava/lang/Object; @ 14
Event: 569.393 Thread 0x00000000175c2800 Uncommon trap: reason=class_check action=maybe_recompile pc=0x0000000003227114 method=java.util.AbstractList$Itr.hasNext()Z @ 8
Event: 569.401 Thread 0x00000000175c2800 Uncommon trap: reason=class_check action=maybe_recompile pc=0x00000000034896c4 method=java.util.AbstractList$Itr.next()Ljava/lang/Object; @ 14
Event: 569.409 Thread 0x00000000175c2800 Uncommon trap: reason=unstable_if action=reinterpret pc=0x0000000003bb941c method=java.util.regex.Pattern$7.isSatisfiedBy(I)Z @ 19
Event: 569.409 Thread 0x00000000175c2800 Uncommon trap: reason=bimorphic action=maybe_recompile pc=0x0000000003217bc0 method=java.util.regex.Pattern$CharProperty.match(Ljava/util/regex/Matcher;ILjava/lang/CharSequence;)Z @ 37
Event: 569.409 Thread 0x00000000175c2800 Uncommon trap: reason=bimorphic action=maybe_recompile pc=0x0000000003217bc0 method=java.util.regex.Pattern$CharProperty.match(Ljava/util/regex/Matcher;ILjava/lang/CharSequence;)Z @ 37
Event: 569.529 Thread 0x00000000175c2800 Uncommon trap: reason=unstable_if action=reinterpret pc=0x0000000003463070 method=org.springframework.util.ClassUtils.forName(Ljava/lang/String;Ljava/lang/ClassLoader;)Ljava/lang/Class; @ 29
Event: 569.993 Thread 0x00000000175c2800 Uncommon trap: reason=unstable_if action=reinterpret pc=0x0000000002d03540 method=java.nio.Buffer.limit(I)Ljava/nio/Buffer; @ 33

Internal exceptions (10 events):
Event: 530.391 Thread 0x00000000175cc000 Exception <a 'java/net/SocketTimeoutException': Read timed out> (0x00000000ee8f4490) thrown at [D:\re\workspace\8-2-build-windows-amd64-cygwin\jdk8u40\2855\hotspot\src\share\vm\prims\jni.cpp, line 735]
Event: 560.324 Thread 0x00000000175c7800 Exception <a 'java/net/SocketTimeoutException': Read timed out> (0x00000000eec92af8) thrown at [D:\re\workspace\8-2-build-windows-amd64-cygwin\jdk8u40\2855\hotspot\src\share\vm\prims\jni.cpp, line 735]
Event: 560.418 Thread 0x00000000175cc000 Exception <a 'java/net/SocketTimeoutException': Read timed out> (0x00000000ee906688) thrown at [D:\re\workspace\8-2-build-windows-amd64-cygwin\jdk8u40\2855\hotspot\src\share\vm\prims\jni.cpp, line 735]
Event: 569.990 Thread 0x00000000175c2800 Exception <a 'java/io/IOException'> (0x00000000ef7bf448) thrown at [D:\re\workspace\8-2-build-windows-amd64-cygwin\jdk8u40\2855\hotspot\src\share\vm\prims\jni.cpp, line 709]
Event: 590.355 Thread 0x00000000175c7800 Exception <a 'java/net/SocketTimeoutException': Read timed out> (0x00000000eec9e1a8) thrown at [D:\re\workspace\8-2-build-windows-amd64-cygwin\jdk8u40\2855\hotspot\src\share\vm\prims\jni.cpp, line 735]
Event: 590.449 Thread 0x00000000175cc000 Exception <a 'java/net/SocketTimeoutException': Read timed out> (0x00000000ee917db0) thrown at [D:\re\workspace\8-2-build-windows-amd64-cygwin\jdk8u40\2855\hotspot\src\share\vm\prims\jni.cpp, line 735]
Event: 620.362 Thread 0x00000000175c7800 Exception <a 'java/net/SocketTimeoutException': Read timed out> (0x00000000eeca9858) thrown at [D:\re\workspace\8-2-build-windows-amd64-cygwin\jdk8u40\2855\hotspot\src\share\vm\prims\jni.cpp, line 735]
Event: 620.455 Thread 0x00000000175cc000 Exception <a 'java/net/SocketTimeoutException': Read timed out> (0x00000000ee9290e0) thrown at [D:\re\workspace\8-2-build-windows-amd64-cygwin\jdk8u40\2855\hotspot\src\share\vm\prims\jni.cpp, line 735]
Event: 650.392 Thread 0x00000000175c7800 Exception <a 'java/net/SocketTimeoutException': Read timed out> (0x00000000eecb4f08) thrown at [D:\re\workspace\8-2-build-windows-amd64-cygwin\jdk8u40\2855\hotspot\src\share\vm\prims\jni.cpp, line 735]
Event: 650.485 Thread 0x00000000175cc000 Exception <a 'java/net/SocketTimeoutException': Read timed out> (0x00000000ee93a410) thrown at [D:\re\workspace\8-2-build-windows-amd64-cygwin\jdk8u40\2855\hotspot\src\share\vm\prims\jni.cpp, line 735]

Events (10 events):
Event: 617.596 Thread 0x0000000015093800 flushing nmethod 0x0000000003065250
Event: 617.596 Thread 0x0000000015093800 flushing nmethod 0x0000000003069a50
Event: 617.596 Thread 0x0000000015093800 flushing nmethod 0x000000000308a010
Event: 620.362 Thread 0x0000000015093800 flushing nmethod 0x00000000031bd7d0
Event: 620.362 Thread 0x0000000015093800 flushing nmethod 0x000000000320f750
Event: 620.363 Thread 0x0000000015093800 flushing nmethod 0x000000000329c290
Event: 620.456 Thread 0x0000000015093800 flushing nmethod 0x0000000003774ad0
Event: 620.463 Thread 0x0000000015093800 flushing nmethod 0x0000000003af73d0
Event: 620.902 Executing VM operation: RevokeBias
Event: 620.902 Executing VM operation: RevokeBias done


Dynamic libraries:
0x00007ff6bbfb0000 - 0x00007ff6bbfe7000 	C:\Program Files\Java\jdk1.8.0_40\bin\javaw.exe
0x00007ffd8cd40000 - 0x00007ffd8cf21000 	C:\WINDOWS\SYSTEM32\ntdll.dll
0x00007ffd8a340000 - 0x00007ffd8a3f1000 	C:\WINDOWS\System32\KERNEL32.DLL
0x00007ffd89170000 - 0x00007ffd893e3000 	C:\WINDOWS\System32\KERNELBASE.dll
0x00007ffd8a290000 - 0x00007ffd8a331000 	C:\WINDOWS\System32\ADVAPI32.dll
0x00007ffd8bfd0000 - 0x00007ffd8c06e000 	C:\WINDOWS\System32\msvcrt.dll
0x00007ffd8a1d0000 - 0x00007ffd8a22b000 	C:\WINDOWS\System32\sechost.dll
0x00007ffd8c210000 - 0x00007ffd8c334000 	C:\WINDOWS\System32\RPCRT4.dll
0x00007ffd8c600000 - 0x00007ffd8c790000 	C:\WINDOWS\System32\USER32.dll
0x00007ffd8a0e0000 - 0x00007ffd8a100000 	C:\WINDOWS\System32\win32u.dll
0x00007ffd8c5d0000 - 0x00007ffd8c5f8000 	C:\WINDOWS\System32\GDI32.dll
0x00007ffd89730000 - 0x00007ffd898c2000 	C:\WINDOWS\System32\gdi32full.dll
0x00007ffd894a0000 - 0x00007ffd8953f000 	C:\WINDOWS\System32\msvcp_win.dll
0x00007ffd89fe0000 - 0x00007ffd8a0d8000 	C:\WINDOWS\System32\ucrtbase.dll
0x00007ffd80880000 - 0x00007ffd80ae9000 	C:\WINDOWS\WinSxS\amd64_microsoft.windows.common-controls_6595b64144ccf1df_6.0.17134.706_none_fb43a2cb30647007\COMCTL32.dll
0x00007ffd8c840000 - 0x00007ffd8cb62000 	C:\WINDOWS\System32\combase.dll
0x00007ffd8a100000 - 0x00007ffd8a17a000 	C:\WINDOWS\System32\bcryptPrimitives.dll
0x00007ffd8c350000 - 0x00007ffd8c37d000 	C:\WINDOWS\System32\IMM32.DLL
0x0000000057050000 - 0x0000000057122000 	C:\Program Files\Java\jdk1.8.0_40\jre\bin\msvcr100.dll
0x00000000561d0000 - 0x0000000056a53000 	C:\Program Files\Java\jdk1.8.0_40\jre\bin\server\jvm.dll
0x00007ffd8bef0000 - 0x00007ffd8bef8000 	C:\WINDOWS\System32\PSAPI.DLL
0x00007ffd7e6c0000 - 0x00007ffd7e6e3000 	C:\WINDOWS\SYSTEM32\WINMM.dll
0x00007ffd87c90000 - 0x00007ffd87c99000 	C:\WINDOWS\SYSTEM32\WSOCK32.dll
0x00007ffd8bf00000 - 0x00007ffd8bf6c000 	C:\WINDOWS\System32\WS2_32.dll
0x00007ffd7e4b0000 - 0x00007ffd7e4da000 	C:\WINDOWS\SYSTEM32\WINMMBASE.dll
0x00007ffd81a20000 - 0x00007ffd81a2a000 	C:\WINDOWS\SYSTEM32\VERSION.dll
0x00007ffd8a180000 - 0x00007ffd8a1c9000 	C:\WINDOWS\System32\cfgmgr32.dll
0x00000000560e0000 - 0x00000000560ef000 	C:\Program Files\Java\jdk1.8.0_40\jre\bin\verify.dll
0x00000000560b0000 - 0x00000000560d9000 	C:\Program Files\Java\jdk1.8.0_40\jre\bin\java.dll
0x0000000056060000 - 0x0000000056076000 	C:\Program Files\Java\jdk1.8.0_40\jre\bin\zip.dll
0x00007ffd8a850000 - 0x00007ffd8bc90000 	C:\WINDOWS\System32\SHELL32.dll
0x00007ffd8c790000 - 0x00007ffd8c839000 	C:\WINDOWS\System32\shcore.dll
0x00007ffd898d0000 - 0x00007ffd89fdd000 	C:\WINDOWS\System32\windows.storage.dll
0x00007ffd8bf70000 - 0x00007ffd8bfc1000 	C:\WINDOWS\System32\shlwapi.dll
0x00007ffd89070000 - 0x00007ffd89081000 	C:\WINDOWS\System32\kernel.appcore.dll
0x00007ffd890f0000 - 0x00007ffd8910f000 	C:\WINDOWS\System32\profapi.dll
0x00007ffd890a0000 - 0x00007ffd890ec000 	C:\WINDOWS\System32\powrprof.dll
0x00007ffd89090000 - 0x00007ffd8909a000 	C:\WINDOWS\System32\FLTLIB.DLL
0x0000000056040000 - 0x000000005605a000 	C:\Program Files\Java\jdk1.8.0_40\jre\bin\net.dll
0x00007ffd88870000 - 0x00007ffd888d6000 	C:\WINDOWS\system32\mswsock.dll
0x00007ffd885f0000 - 0x00007ffd88628000 	C:\WINDOWS\SYSTEM32\IPHLPAPI.DLL
0x00007ffd8c340000 - 0x00007ffd8c348000 	C:\WINDOWS\System32\NSI.dll
0x00007ffd82c40000 - 0x00007ffd82c56000 	C:\WINDOWS\SYSTEM32\dhcpcsvc6.DLL
0x00007ffd823c0000 - 0x00007ffd823da000 	C:\WINDOWS\SYSTEM32\dhcpcsvc.DLL
0x00007ffd88630000 - 0x00007ffd886ee000 	C:\WINDOWS\SYSTEM32\DNSAPI.dll
0x00007ffd80090000 - 0x00007ffd8009a000 	C:\Windows\System32\rasadhlp.dll
0x00007ffd80800000 - 0x00007ffd80872000 	C:\WINDOWS\System32\fwpuclnt.dll
0x00007ffd88bb0000 - 0x00007ffd88bd5000 	C:\WINDOWS\SYSTEM32\bcrypt.dll
0x0000000055fe0000 - 0x0000000055fed000 	C:\Program Files\Java\jdk1.8.0_40\jre\bin\management.dll
0x00007ffd84320000 - 0x00007ffd84336000 	C:\WINDOWS\system32\napinsp.dll
0x00007ffd84300000 - 0x00007ffd8431a000 	C:\WINDOWS\system32\pnrpnsp.dll
0x00007ffd83d70000 - 0x00007ffd83d89000 	C:\WINDOWS\system32\NLAapi.dll
0x00007ffd84fe0000 - 0x00007ffd84fee000 	C:\WINDOWS\System32\winrnr.dll
0x0000000056020000 - 0x0000000056031000 	C:\Program Files\Java\jdk1.8.0_40\jre\bin\nio.dll
0x00007ffd88a80000 - 0x00007ffd88a97000 	C:\WINDOWS\SYSTEM32\CRYPTSP.dll
0x00007ffd88450000 - 0x00007ffd88483000 	C:\WINDOWS\system32\rsaenh.dll
0x00007ffd88f80000 - 0x00007ffd88fa8000 	C:\WINDOWS\SYSTEM32\USERENV.dll
0x00007ffd88aa0000 - 0x00007ffd88aab000 	C:\WINDOWS\SYSTEM32\CRYPTBASE.dll
0x0000000055ff0000 - 0x0000000056014000 	C:\Program Files\Java\jdk1.8.0_40\jre\bin\sunec.dll

VM Arguments:
jvm_args: -Dserver.port=8000 -Dfile.encoding=UTF-8 
java_command: com.srikanth.microservices.currencyexchangeservice.CurrencyExchangeServiceApplication
java_class_path (initial): C:\Program Files\Java\jdk1.8.0_40\jre\lib\resources.jar;C:\Program Files\Java\jdk1.8.0_40\jre\lib\rt.jar;C:\Program Files\Java\jdk1.8.0_40\jre\lib\jsse.jar;C:\Program Files\Java\jdk1.8.0_40\jre\lib\jce.jar;C:\Program Files\Java\jdk1.8.0_40\jre\lib\charsets.jar;C:\Program Files\Java\jdk1.8.0_40\jre\lib\jfr.jar;C:\Program Files\Java\jdk1.8.0_40\jre\lib\ext\access-bridge-64.jar;C:\Program Files\Java\jdk1.8.0_40\jre\lib\ext\cldrdata.jar;C:\Program Files\Java\jdk1.8.0_40\jre\lib\ext\dnsns.jar;C:\Program Files\Java\jdk1.8.0_40\jre\lib\ext\jaccess.jar;C:\Program Files\Java\jdk1.8.0_40\jre\lib\ext\jfxrt.jar;C:\Program Files\Java\jdk1.8.0_40\jre\lib\ext\localedata.jar;C:\Program Files\Java\jdk1.8.0_40\jre\lib\ext\nashorn.jar;C:\Program Files\Java\jdk1.8.0_40\jre\lib\ext\sunec.jar;C:\Program Files\Java\jdk1.8.0_40\jre\lib\ext\sunjce_provider.jar;C:\Program Files\Java\jdk1.8.0_40\jre\lib\ext\sunmscapi.jar;C:\Program Files\Java\jdk1.8.0_40\jre\lib\ext\sunpkcs11.jar;C:\Program Files\Java\jdk1.8.0_40\jre\lib\ext\zipfs.jar;H:\Prep\currency-exchange-service\target\classes;C:\Users\welcome\.m2\repository\org\springframework\boot\spring-boot-starter-actuator\2.1.4.RELEASE\spring-boot-starter-actuator-2.1.4.RELEASE.jar;C:\Users\welcome\.m2\repository\org\springframework\boot\spring-boot-starter\2.1.4.RELEASE\spring-boot-starter-2.1.4.RELEASE.jar;C:\Users\welcome\.m2\repository\org\springframework\boot\spring-boot-starter-logging\2.1.4.RELEASE\spring-boot-starter-logging-2.1.4.RELEASE.jar;C:\Users\welcome\.m2\repository\ch\qos\logback\logback-classic\1.2.3\logback-classic-1.2.3.jar;C:\Users\welcome\.m2\repository\ch\qos\logback\logback-core\1.2.3\logback-core-1.2.3.jar;C:\Users\welcome\.m2\repository\org\apache\logging\log4j\log4j-to-slf4j\2.11.2\log4j-to-slf4j-2.11.2.jar;C:\Users\welcome\.m2\repository\org\apache\logging\log4j\log4j-api\2.11.2\log4j-api-2.11.2.jar;C:\Users\welcome\.m2\repository\org\slf4j\jul-to-slf4j\1.7.26\jul-to-slf4j-1.7.26.jar;C:\User
Launcher Type: SUN_STANDARD

Environment Variables:
JAVA_HOME=C:\Program Files\Java\jdk1.8.0_40
JRE_HOME=C:\Program Files\Java\jre1.8.0_40
PATH=C:/Program Files/Java/jdk1.8.0_40/bin/../jre/bin/server;C:/Program Files/Java/jdk1.8.0_40/bin/../jre/bin;C:/Program Files/Java/jdk1.8.0_40/bin/../jre/lib/amd64;C:\Program Files\apache-maven-3.5.0\bin;C:\Program Files (x86)\Skype\Phone\;C:\Program Files\Java\jdk1.8.0_40\bin;C:\Program Files\Java\jre1.8.0_40\bin;C:\Program Files\Git\cmd;C:\Program Files (x86)\Brackets\command;C:\WINDOWS\system32;C:\WINDOWS;C:\WINDOWS\System32\Wbem;C:\WINDOWS\System32\WindowsPowerShell\v1.0\;C:\Program Files\nodejs\;;C:\WINDOWS\System32\OpenSSH\;C:\Program Files\Microsoft SQL Server\Client SDK\ODBC\130\Tools\Binn\;C:\Program Files (x86)\Microsoft SQL Server\140\Tools\Binn\;C:\Program Files\Microsoft SQL Server\140\Tools\Binn\;C:\Program Files\Microsoft SQL Server\140\DTS\Binn\;C:\Program Files (x86)\Microsoft SQL Server\Client SDK\ODBC\130\Tools\Binn\;C:\Program Files (x86)\Microsoft SQL Server\140\DTS\Binn\;C:\Program Files (x86)\Microsoft SQL Server\140\Tools\Binn\ManagementStudio\;C:\Program Files\Java\jdk1.8.0_40;C:\Users\welcome\AppData\Local\Microsoft\WindowsApps;C:\Users\welcome\AppData\Roaming\npm;;H:\eclipse;
USERNAME=SreekanthReddy
OS=Windows_NT
PROCESSOR_IDENTIFIER=Intel64 Family 6 Model 61 Stepping 4, GenuineIntel



---------------  S Y S T E M  ---------------

OS: Windows 10.0 , 64 bit Build 17134 (10.0.17134.706)

CPU:total 4 (2 cores per cpu, 2 threads per core) family 6 model 61 stepping 4, cmov, cx8, fxsr, mmx, sse, sse2, sse3, ssse3, sse4.1, sse4.2, popcnt, clmul, erms, 3dnowpref, lzcnt, ht, tsc, tscinvbit

Memory: 4k page, physical 4113068k(479852k free), swap 6161068k(0k free)

vm_info: Java HotSpot(TM) 64-Bit Server VM (25.40-b25) for windows-amd64 JRE (1.8.0_40-b25), built on Feb 10 2015 21:53:57 by "java_re" with MS VC++ 10.0 (VS2010)

time: Sun Apr 14 17:21:19 2019
elapsed time: 669 seconds (0d 0h 11m 9s)

