JvmtiExport can_access_local_variables 0
JvmtiExport can_hotswap_or_post_breakpoint 0
JvmtiExport can_post_on_exceptions 0
# 463 ciObject found
ciMethod java/lang/Object <init> ()V 4097 1 222226 0 0
ciMethod java/lang/Object hashCode ()I 2049 1 256 0 -1
ciMethod java/lang/Object equals (Ljava/lang/Object;)Z 3113 1 5866 0 -1
ciMethod java/lang/Object clone ()Ljava/lang/Object; 2049 1 256 0 -1
ciMethod java/lang/String <init> ([CII)V 4097 1 5732 0 608
ciMethod java/lang/String <init> ([BIILjava/lang/String;)V 3761 1 12194 0 -1
ciMethod java/lang/String <init> ([CZ)V 3009 1 11790 0 0
ciMethod java/lang/String length ()I 4097 1 98448 0 0
ciMethod java/lang/String charAt (I)C 4097 1 455291 0 128
ciMethod java/lang/String codePointAt (I)I 1 1 1247 0 -1
ciMethod java/lang/String getChars ([CI)V 2057 1 6479 0 0
ciMethod java/lang/String equals (Ljava/lang/Object;)Z 2761 17569 4210 0 -1
ciMethod java/lang/String equalsIgnoreCase (Ljava/lang/String;)Z 2049 1 5523 0 1568
ciMethod java/lang/String regionMatches (ZILjava/lang/String;II)Z 1929 401 5430 0 1888
ciMethod java/lang/String hashCode ()I 2785 32769 2038 0 416
ciMethod java/lang/String lastIndexOf (I)I 2065 1 21320 0 0
ciMethod java/lang/String lastIndexOf (II)I 1409 123249 1409 0 320
ciMethod java/lang/String lastIndexOfSupplementary (II)I 0 0 1 0 -1
ciMethod java/lang/String substring (II)Ljava/lang/String; 3713 1 6960 0 896
ciMethod java/lang/String concat (Ljava/lang/String;)Ljava/lang/String; 2057 1 6471 0 896
ciMethod java/lang/String replace (CC)Ljava/lang/String; 841 74441 973 0 1120
ciMethod java/lang/String toUpperCase (Ljava/util/Locale;)Ljava/lang/String; 825 24817 1096 0 2816
ciMethod java/lang/ClassLoader defineClass (Ljava/lang/String;[BIILjava/security/ProtectionDomain;)Ljava/lang/Class; 2497 1 2475 0 -1
ciMethod java/lang/ClassLoader definePackage (Ljava/lang/String;Ljava/lang/String;Ljava/lang/String;Ljava/lang/String;Ljava/lang/String;Ljava/lang/String;Ljava/lang/String;Ljava/net/URL;)Ljava/lang/Package; 473 1 289 0 0
ciMethod java/lang/ClassLoader getPackage (Ljava/lang/String;)Ljava/lang/Package; 2049 1 3316 0 0
ciMethod java/lang/System nanoTime ()J 3073 1 384 0 -1
ciMethod java/lang/System arraycopy (Ljava/lang/Object;ILjava/lang/Object;II)V 14337 1 1792 0 -1
ciMethod java/lang/Throwable addSuppressed (Ljava/lang/Throwable;)V 0 0 1 0 0
ciMethod java/security/SecureClassLoader defineClass (Ljava/lang/String;[BIILjava/security/CodeSource;)Ljava/lang/Class; 2497 1 2454 0 -1
ciMethod java/security/SecureClassLoader defineClass (Ljava/lang/String;Ljava/nio/ByteBuffer;Ljava/security/CodeSource;)Ljava/lang/Class; 0 0 1 0 -1
ciMethod java/security/SecureClassLoader getProtectionDomain (Ljava/security/CodeSource;)Ljava/security/ProtectionDomain; 2497 1 2468 0 -1
ciMethod java/lang/ref/Reference get ()Ljava/lang/Object; 1025 1 128 0 -1
ciMethod java/lang/ref/Reference <init> (Ljava/lang/Object;)V 3097 1 4342 0 0
ciMethod java/lang/ref/Reference <init> (Ljava/lang/Object;Ljava/lang/ref/ReferenceQueue;)V 2201 1 13533 0 96
ciMethod java/lang/ref/SoftReference <init> (Ljava/lang/Object;)V 2049 1 1076 0 0
ciMethod java/lang/ref/SoftReference get ()Ljava/lang/Object; 2049 1 20756 0 96
ciMethod java/lang/Thread currentThread ()Ljava/lang/Thread; 3073 1 384 0 -1
ciMethod java/lang/Thread interrupt ()V 0 0 2 0 -1
ciMethod java/lang/Thread interrupted ()Z 2065 1 2500 0 -1
ciMethod java/util/Map get (Ljava/lang/Object;)Ljava/lang/Object; 0 0 1 0 -1
ciMethod java/util/Map put (Ljava/lang/Object;Ljava/lang/Object;)Ljava/lang/Object; 0 0 1 0 -1
ciMethod java/util/Hashtable <init> (IF)V 2057 1 593 0 0
ciMethod java/util/Hashtable <init> (I)V 1377 1 172 0 0
ciMethod java/util/Hashtable <init> ()V 2049 1 421 0 0
ciMethod java/util/Dictionary <init> ()V 2057 1 593 0 0
ciMethod java/lang/StringBuilder <init> ()V 1745 1 19174 0 -1
ciMethod java/lang/StringBuilder append (Ljava/lang/String;)Ljava/lang/StringBuilder; 3513 1 52242 0 -1
ciMethod java/lang/StringBuilder toString ()Ljava/lang/String; 1793 1 24181 0 -1
ciMethod java/io/ByteArrayInputStream <init> ([B)V 137 1 168 0 0
ciMethod java/io/InputStream <init> ()V 3153 1 6162 0 0
ciMethod java/io/InputStream read ([BII)I 0 0 1 0 -1
ciMethod java/io/InputStream close ()V 0 0 1 0 -1
ciMethod java/net/URLClassLoader getAndVerifyPackage (Ljava/lang/String;Ljava/util/jar/Manifest;Ljava/net/URL;)Ljava/lang/Package; 2049 1 2451 0 0
ciMethod java/net/URLClassLoader definePackageInternal (Ljava/lang/String;Ljava/util/jar/Manifest;Ljava/net/URL;)V 2049 1 2443 0 0
ciMethod java/net/URLClassLoader defineClass (Ljava/lang/String;Lsun/misc/Resource;)Ljava/lang/Class; 1473 1 2442 0 0
ciMethod java/net/URLClassLoader definePackage (Ljava/lang/String;Ljava/util/jar/Manifest;Ljava/net/URL;)Ljava/lang/Package; 465 1 287 0 0
ciMethod java/net/URLClassLoader isSealed (Ljava/lang/String;Ljava/util/jar/Manifest;)Z 1609 1 2170 0 0
ciMethod java/net/URLClassLoader access$000 (Ljava/net/URLClassLoader;)Lsun/misc/URLClassPath; 1033 1 129 0 0
ciMethod java/net/URLClassLoader access$100 (Ljava/net/URLClassLoader;Ljava/lang/String;Lsun/misc/Resource;)Ljava/lang/Class; 1473 1 2451 0 0
ciMethod java/util/jar/Manifest <init> (Ljava/io/InputStream;)V 129 1 168 0 0
ciMethod java/util/jar/Manifest getMainAttributes ()Ljava/util/jar/Attributes; 1049 1 131 0 0
ciMethod java/util/jar/Manifest getEntries ()Ljava/util/Map; 1049 1 131 0 0
ciMethod java/util/jar/Manifest getAttributes (Ljava/lang/String;)Ljava/util/jar/Attributes; 3113 1 6896 0 1248
ciMethod java/util/jar/Manifest read (Ljava/io/InputStream;)V 129 1 168 0 -1
ciMethod java/util/jar/Manifest parseName ([BI)Ljava/lang/String; 3305 1 4466 0 -1
ciMethod java/security/CodeSource <init> (Ljava/net/URL;[Ljava/security/CodeSigner;)V 2481 1 2449 0 -1
ciMethod java/lang/Character charCount (I)I 17 1 2202 0 -1
ciMethod java/lang/Character toChars (I[CI)I 0 0 1 0 -1
ciMethod java/lang/Character toChars (I)[C 0 0 1 0 -1
ciMethod java/lang/Character toLowerCase (C)C 4097 1 24330 0 160
ciMethod java/lang/Character toLowerCase (I)I 4097 1 40327 0 0
ciMethod java/lang/Character toUpperCase (C)C 2049 1 16923 0 192
ciMethod java/lang/Character toUpperCase (I)I 2049 1 16923 0 0
ciMethod java/lang/Character toUpperCaseEx (I)I 2273 1 28513 0 -1
ciMethod java/lang/Character toUpperCaseCharArray (I)[C 0 0 1 0 -1
ciMethod java/lang/Float isNaN (F)Z 2049 1 6813 0 0
ciMethod java/lang/Float floatToRawIntBits (F)I 9 1 1 0 -1
ciMethod java/lang/NullPointerException <init> (Ljava/lang/String;)V 0 0 1 0 -1
ciMethod java/util/Comparator compare (Ljava/lang/Object;Ljava/lang/Object;)I 0 0 1 0 -1
ciMethod java/util/List add (Ljava/lang/Object;)Z 0 0 1 0 -1
ciMethod java/util/AbstractList <init> ()V 3073 1 7591 0 0
ciMethod java/util/AbstractCollection <init> ()V 1265 1 12150 0 0
ciMethod java/lang/Math max (II)I 4097 1 22880 0 -1
ciMethod java/lang/Math min (II)I 4097 1 52397 0 -1
ciMethod java/lang/Math min (FF)F 2049 1 615 0 0
ciMethod java/util/AbstractMap <init> ()V 1329 1 10187 0 0
ciMethod java/util/ArrayList <init> (I)V 2049 1 3449 0 -1
ciMethod java/util/ArrayList <init> ()V 1545 1 1932 0 0
ciMethod java/util/HashMap hash (Ljava/lang/Object;)I 4097 1 43990 0 0
ciMethod java/util/HashMap tableSizeFor (I)I 3945 1 6048 0 0
ciMethod java/util/HashMap <init> (IF)V 913 1 5898 0 0
ciMethod java/util/HashMap <init> (I)V 793 1 5302 0 0
ciMethod java/util/HashMap <init> ()V 185 1 3089 0 0
ciMethod java/util/HashMap get (Ljava/lang/Object;)Ljava/lang/Object; 2185 1 12105 0 672
ciMethod java/util/HashMap getNode (ILjava/lang/Object;)Ljava/util/HashMap$Node; 4097 57 5722 0 544
ciMethod java/util/HashMap put (Ljava/lang/Object;Ljava/lang/Object;)Ljava/lang/Object; 3961 1 18967 0 192
ciMethod java/util/HashMap putVal (ILjava/lang/Object;Ljava/lang/Object;ZZ)Ljava/lang/Object; 3961 585 13155 0 2016
ciMethod java/util/HashMap resize ()[Ljava/util/HashMap$Node; 161 9625 5158 0 -1
ciMethod java/util/HashMap treeifyBin ([Ljava/util/HashMap$Node;I)V 0 0 1 0 -1
ciMethod java/util/HashMap newNode (ILjava/lang/Object;Ljava/lang/Object;Ljava/util/HashMap$Node;)Ljava/util/HashMap$Node; 2049 1 11833 0 -1
ciMethod java/util/HashMap afterNodeAccess (Ljava/util/HashMap$Node;)V 3